2023-05-16T11:59:04.346+0300 [DEBUG] [org.gradle.launcher.daemon.bootstrap.DaemonMain] Assuming the daemon was started with following jvm opts: [--add-opens=java.base/java.util.concurrent.atomic=ALL-UNNAMED, -XX:MaxMetaspaceSize=256m, -XX:+HeapDumpOnOutOfMemoryError, --add-opens=java.base/java.util=ALL-UNNAMED, --add-opens=java.base/java.lang=ALL-UNNAMED, --add-opens=java.base/java.lang.invoke=ALL-UNNAMED, --add-opens=java.prefs/java.util.prefs=ALL-UNNAMED, --add-opens=java.base/java.nio.charset=ALL-UNNAMED, --add-opens=java.base/java.net=ALL-UNNAMED, --add-opens=java.base/java.util.concurrent.atomic=ALL-UNNAMED, -Xms256m, -Xmx512m, -Dfile.encoding=windows-1251, -Duser.country, -Duser.language=en, -Duser.variant, -ea]
2023-05-16T11:59:05.444+0300 [INFO] [org.gradle.launcher.daemon.server.Daemon] start() called on daemon - DefaultDaemonContext[uid=b11ca0fb-5b1b-480a-b840-9143718f6352,javaHome=/usr/lib/jvm/java-17-openjdk-amd64,daemonRegistryDir=/home/maxsuriva/java-project-61/app/daemon,pid=23345,idleTimeout=10800000,priority=NORMAL,daemonOpts=--add-opens=java.base/java.util.concurrent.atomic=ALL-UNNAMED,-XX:MaxMetaspaceSize=256m,-XX:+HeapDumpOnOutOfMemoryError,--add-opens=java.base/java.util=ALL-UNNAMED,--add-opens=java.base/java.lang=ALL-UNNAMED,--add-opens=java.base/java.lang.invoke=ALL-UNNAMED,--add-opens=java.prefs/java.util.prefs=ALL-UNNAMED,--add-opens=java.base/java.nio.charset=ALL-UNNAMED,--add-opens=java.base/java.net=ALL-UNNAMED,--add-opens=java.base/java.util.concurrent.atomic=ALL-UNNAMED,-Xms256m,-Xmx512m,-Dfile.encoding=windows-1251,-Duser.country,-Duser.language=en,-Duser.variant,-ea]
2023-05-16T11:59:05.492+0300 [DEBUG] [org.gradle.internal.remote.internal.inet.InetAddresses] Adding IP addresses for network interface eth0
2023-05-16T11:59:05.493+0300 [DEBUG] [org.gradle.internal.remote.internal.inet.InetAddresses] Is this a loopback interface? false
2023-05-16T11:59:05.494+0300 [DEBUG] [org.gradle.internal.remote.internal.inet.InetAddresses] Adding remote address /fe80:0:0:0:215:5dff:fe19:800c%eth0
2023-05-16T11:59:05.494+0300 [DEBUG] [org.gradle.internal.remote.internal.inet.InetAddresses] Adding remote address /172.27.90.93
2023-05-16T11:59:05.495+0300 [DEBUG] [org.gradle.internal.remote.internal.inet.InetAddresses] Adding IP addresses for network interface lo
2023-05-16T11:59:05.496+0300 [DEBUG] [org.gradle.internal.remote.internal.inet.InetAddresses] Is this a loopback interface? true
2023-05-16T11:59:05.497+0300 [DEBUG] [org.gradle.internal.remote.internal.inet.InetAddresses] Adding loopback address /0:0:0:0:0:0:0:1%lo
2023-05-16T11:59:05.497+0300 [DEBUG] [org.gradle.internal.remote.internal.inet.InetAddresses] Adding loopback address /127.0.0.1
2023-05-16T11:59:05.502+0300 [DEBUG] [org.gradle.internal.remote.internal.inet.TcpIncomingConnector] Listening on [79dfbec5-61b1-4c78-b3de-e1da1f950771 port:44089, addresses:[localhost/127.0.0.1]].
2023-05-16T11:59:05.516+0300 [DEBUG] [org.gradle.launcher.daemon.server.Daemon] Daemon starting at: Tue May 16 11:59:05 MSK 2023, with address: [79dfbec5-61b1-4c78-b3de-e1da1f950771 port:44089, addresses:[localhost/127.0.0.1]]
2023-05-16T11:59:05.517+0300 [INFO] [org.gradle.launcher.daemon.server.DaemonRegistryUpdater] Advertising the daemon address to the clients: [79dfbec5-61b1-4c78-b3de-e1da1f950771 port:44089, addresses:[localhost/127.0.0.1]]
2023-05-16T11:59:05.518+0300 [DEBUG] [org.gradle.launcher.daemon.server.DaemonRegistryUpdater] Advertised daemon context: DefaultDaemonContext[uid=b11ca0fb-5b1b-480a-b840-9143718f6352,javaHome=/usr/lib/jvm/java-17-openjdk-amd64,daemonRegistryDir=/home/maxsuriva/java-project-61/app/daemon,pid=23345,idleTimeout=10800000,priority=NORMAL,daemonOpts=--add-opens=java.base/java.util.concurrent.atomic=ALL-UNNAMED,-XX:MaxMetaspaceSize=256m,-XX:+HeapDumpOnOutOfMemoryError,--add-opens=java.base/java.util=ALL-UNNAMED,--add-opens=java.base/java.lang=ALL-UNNAMED,--add-opens=java.base/java.lang.invoke=ALL-UNNAMED,--add-opens=java.prefs/java.util.prefs=ALL-UNNAMED,--add-opens=java.base/java.nio.charset=ALL-UNNAMED,--add-opens=java.base/java.net=ALL-UNNAMED,--add-opens=java.base/java.util.concurrent.atomic=ALL-UNNAMED,-Xms256m,-Xmx512m,-Dfile.encoding=windows-1251,-Duser.country,-Duser.language=en,-Duser.variant,-ea]
2023-05-16T11:59:05.520+0300 [DEBUG] [org.gradle.launcher.daemon.registry.PersistentDaemonRegistry] Storing daemon address: [79dfbec5-61b1-4c78-b3de-e1da1f950771 port:44089, addresses:[localhost/127.0.0.1]], context: DefaultDaemonContext[uid=b11ca0fb-5b1b-480a-b840-9143718f6352,javaHome=/usr/lib/jvm/java-17-openjdk-amd64,daemonRegistryDir=/home/maxsuriva/java-project-61/app/daemon,pid=23345,idleTimeout=10800000,priority=NORMAL,daemonOpts=--add-opens=java.base/java.util.concurrent.atomic=ALL-UNNAMED,-XX:MaxMetaspaceSize=256m,-XX:+HeapDumpOnOutOfMemoryError,--add-opens=java.base/java.util=ALL-UNNAMED,--add-opens=java.base/java.lang=ALL-UNNAMED,--add-opens=java.base/java.lang.invoke=ALL-UNNAMED,--add-opens=java.prefs/java.util.prefs=ALL-UNNAMED,--add-opens=java.base/java.nio.charset=ALL-UNNAMED,--add-opens=java.base/java.net=ALL-UNNAMED,--add-opens=java.base/java.util.concurrent.atomic=ALL-UNNAMED,-Xms256m,-Xmx512m,-Dfile.encoding=windows-1251,-Duser.country,-Duser.language=en,-Duser.variant,-ea]
2023-05-16T11:59:05.538+0300 [DEBUG] [org.gradle.cache.internal.DefaultFileLockManager] Waiting to acquire exclusive lock on daemon addresses registry.
2023-05-16T11:59:05.544+0300 [DEBUG] [org.gradle.cache.internal.DefaultFileLockManager] Lock acquired on daemon addresses registry.
2023-05-16T11:59:05.843+0300 [DEBUG] [org.gradle.cache.internal.DefaultFileLockManager] Releasing lock on daemon addresses registry.
2023-05-16T11:59:05.844+0300 [LIFECYCLE] [org.gradle.launcher.daemon.server.Daemon] Daemon server started.
2023-05-16T11:59:05.845+0300 [DEBUG] [org.gradle.launcher.daemon.bootstrap.DaemonStartupCommunication] Completed writing the daemon greeting. Closing streams...
2023-05-16T11:59:08.380+0300 [DEBUG] [org.gradle.internal.remote.internal.inet.TcpIncomingConnector] Accepted connection from /127.0.0.1:51080 to /127.0.0.1:44089.
2023-05-16T11:59:08.381+0300 [DEBUG] [org.gradle.launcher.daemon.server.Daemon] stopOnExpiration() called on daemon
2023-05-16T11:59:08.382+0300 [DEBUG] [org.gradle.launcher.daemon.server.Daemon] awaitExpiration() called on daemon
2023-05-16T11:59:08.383+0300 [DEBUG] [org.gradle.launcher.daemon.server.DaemonStateCoordinator] daemon is running. Sleeping until state changes.
2023-05-16T11:59:08.411+0300 [DEBUG] [org.gradle.launcher.daemon.server.SynchronizedDispatchConnection] thread 21: received class org.gradle.launcher.daemon.protocol.Build
2023-05-16T11:59:08.412+0300 [DEBUG] [org.gradle.launcher.daemon.server.DefaultDaemonConnection] thread 21: Received non-IO message from client: Build{id=5134b5db-064c-4412-963c-5e88dd3dd9d4, currentDir=/home/maxsuriva/java-project-61/app}
2023-05-16T11:59:08.412+0300 [INFO] [org.gradle.launcher.daemon.server.DefaultIncomingConnectionHandler] Received command: Build{id=5134b5db-064c-4412-963c-5e88dd3dd9d4, currentDir=/home/maxsuriva/java-project-61/app}.
2023-05-16T11:59:08.413+0300 [DEBUG] [org.gradle.launcher.daemon.server.DefaultIncomingConnectionHandler] Starting executing command: Build{id=5134b5db-064c-4412-963c-5e88dd3dd9d4, currentDir=/home/maxsuriva/java-project-61/app} with connection: socket connection from /127.0.0.1:44089 to /127.0.0.1:51080.
2023-05-16T11:59:08.415+0300 [DEBUG] [org.gradle.launcher.daemon.server.DaemonStateCoordinator] Command execution: started DaemonCommandExecution[command = Build{id=5134b5db-064c-4412-963c-5e88dd3dd9d4, currentDir=/home/maxsuriva/java-project-61/app}, connection = DefaultDaemonConnection: socket connection from /127.0.0.1:44089 to /127.0.0.1:51080] after 0.0 minutes of idle
2023-05-16T11:59:08.416+0300 [INFO] [org.gradle.launcher.daemon.server.DaemonRegistryUpdater] Marking the daemon as busy, address: [79dfbec5-61b1-4c78-b3de-e1da1f950771 port:44089, addresses:[localhost/127.0.0.1]]
2023-05-16T11:59:08.416+0300 [DEBUG] [org.gradle.launcher.daemon.registry.PersistentDaemonRegistry] Marking busy by address: [79dfbec5-61b1-4c78-b3de-e1da1f950771 port:44089, addresses:[localhost/127.0.0.1]]
2023-05-16T11:59:08.417+0300 [DEBUG] [org.gradle.cache.internal.DefaultFileLockManager] Waiting to acquire exclusive lock on daemon addresses registry.
2023-05-16T11:59:08.417+0300 [DEBUG] [org.gradle.cache.internal.DefaultFileLockManager] Lock acquired on daemon addresses registry.
2023-05-16T11:59:08.420+0300 [DEBUG] [org.gradle.cache.internal.DefaultFileLockManager] Releasing lock on daemon addresses registry.
2023-05-16T11:59:08.420+0300 [DEBUG] [org.gradle.launcher.daemon.server.DaemonStateCoordinator] resetting idle timer
2023-05-16T11:59:08.420+0300 [DEBUG] [org.gradle.launcher.daemon.server.DaemonStateCoordinator] daemon is running. Sleeping until state changes.
2023-05-16T11:59:08.421+0300 [INFO] [org.gradle.launcher.daemon.server.exec.StartBuildOrRespondWithBusy] Daemon is about to start building Build{id=5134b5db-064c-4412-963c-5e88dd3dd9d4, currentDir=/home/maxsuriva/java-project-61/app}. Dispatching build started information...
2023-05-16T11:59:08.422+0300 [DEBUG] [org.gradle.launcher.daemon.server.SynchronizedDispatchConnection] thread 23: dispatching org.gradle.launcher.daemon.protocol.BuildStarted@7f168f80
2023-05-16T11:59:08.424+0300 [DEBUG] [org.gradle.launcher.daemon.server.exec.EstablishBuildEnvironment] Configuring env variables: [PATH, serverBindingPort, SHELL, WSL_INTEROP, WSL_DISTRO_NAME, HOSTTYPE, WSL2_GUI_APPS_ENABLED, TERM, OLDPWD, USER, LANG, NAME, PULSE_SERVER, DISPLAY, serverBindingHost, WAYLAND_DISPLAY, WSLENV, LOGNAME, PWD, XDG_RUNTIME_DIR, HOME]
2023-05-16T11:59:08.447+0300 [DEBUG] [org.gradle.launcher.daemon.server.SynchronizedDispatchConnection] thread 21: received class org.gradle.launcher.daemon.protocol.CloseInput
2023-05-16T11:59:08.448+0300 [DEBUG] [org.gradle.launcher.daemon.server.DefaultDaemonConnection] thread 21: Received IO message from client: org.gradle.launcher.daemon.protocol.CloseInput@2cf6bf2a
2023-05-16T11:59:08.451+0300 [DEBUG] [org.gradle.launcher.daemon.server.exec.LogToClient] About to start relaying all logs to the client via the connection.
2023-05-16T11:59:08.452+0300 [INFO] [org.gradle.launcher.daemon.server.exec.LogToClient] The client will now receive all logging from the daemon (pid: 23345). The daemon log file: /home/maxsuriva/java-project-61/app/daemon/8.0/daemon-23345.out.log
2023-05-16T11:59:08.454+0300 [INFO] [org.gradle.launcher.daemon.server.exec.LogAndCheckHealth] Starting build in new daemon [memory: 494.9 MiB]
2023-05-16T11:59:08.455+0300 [INFO] [org.gradle.launcher.daemon.server.exec.ForwardClientInput] Closing daemon's stdin at end of input.
2023-05-16T11:59:08.455+0300 [INFO] [org.gradle.launcher.daemon.server.exec.ForwardClientInput] The daemon will no longer process any standard input.
2023-05-16T11:59:08.461+0300 [DEBUG] [org.gradle.launcher.daemon.server.exec.ExecuteBuild] The daemon has started executing the build.
2023-05-16T11:59:08.462+0300 [DEBUG] [org.gradle.launcher.daemon.server.exec.ExecuteBuild] Executing build with daemon context: DefaultDaemonContext[uid=b11ca0fb-5b1b-480a-b840-9143718f6352,javaHome=/usr/lib/jvm/java-17-openjdk-amd64,daemonRegistryDir=/home/maxsuriva/java-project-61/app/daemon,pid=23345,idleTimeout=10800000,priority=NORMAL,daemonOpts=--add-opens=java.base/java.util.concurrent.atomic=ALL-UNNAMED,-XX:MaxMetaspaceSize=256m,-XX:+HeapDumpOnOutOfMemoryError,--add-opens=java.base/java.util=ALL-UNNAMED,--add-opens=java.base/java.lang=ALL-UNNAMED,--add-opens=java.base/java.lang.invoke=ALL-UNNAMED,--add-opens=java.prefs/java.util.prefs=ALL-UNNAMED,--add-opens=java.base/java.nio.charset=ALL-UNNAMED,--add-opens=java.base/java.net=ALL-UNNAMED,--add-opens=java.base/java.util.concurrent.atomic=ALL-UNNAMED,-Xms256m,-Xmx512m,-Dfile.encoding=windows-1251,-Duser.country,-Duser.language=en,-Duser.variant,-ea]

FAILURE: Build failed with an exception.

* What went wrong:
Execution failed for task ':checkstyleMain'.
> A failure occurred while executing org.gradle.api.plugins.quality.internal.CheckstyleAction
   > An unexpected error occurred configuring and executing Checkstyle.
      > Unable to create Root Module: config {/home/maxsuriva/java-project-61/app/config/checkstyle/checkstyle.xml}, classpath {null}.

* Try:
> Run with --stacktrace option to get the stack trace.
> Run with --info or --debug option to get more log output.
> Run with --scan to get full insights.

* Get more help at https://help.gradle.org

BUILD FAILED in 12m 3s
6 actionable tasks: 3 executed, 3 up-to-date
2023-05-16T12:11:02.065+0300 [DEBUG] [org.gradle.launcher.daemon.server.exec.ExecuteBuild] The daemon has finished executing the build.
2023-05-16T12:11:02.129+0300 [DEBUG] [org.gradle.launcher.daemon.server.DaemonStateCoordinator] daemon is running. Sleeping until state changes.
2023-05-16T12:11:02.639+0300 [DEBUG] [org.gradle.launcher.daemon.server.DaemonStateCoordinator] Command execution: finished waiting for DaemonCommandExecution[command = Build{id=5134b5db-064c-4412-963c-5e88dd3dd9d4, currentDir=/home/maxsuriva/java-project-61/app}, connection = DefaultDaemonConnection: socket connection from /127.0.0.1:44089 to /127.0.0.1:51080]. Result org.gradle.launcher.daemon.server.DaemonStateCoordinator@2c48ae0 with state Busy
2023-05-16T12:11:02.959+0300 [DEBUG] [org.gradle.launcher.daemon.server.DaemonStateCoordinator] Command execution: completed DaemonCommandExecution[command = Build{id=5134b5db-064c-4412-963c-5e88dd3dd9d4, currentDir=/home/maxsuriva/java-project-61/app}, connection = DefaultDaemonConnection: socket connection from /127.0.0.1:44089 to /127.0.0.1:51080]
2023-05-16T12:11:03.015+0300 [DEBUG] [org.gradle.launcher.daemon.server.DaemonStateCoordinator] resetting idle timer
2023-05-16T12:11:03.018+0300 [INFO] [org.gradle.launcher.daemon.server.DaemonRegistryUpdater] Marking the daemon as idle, address: [79dfbec5-61b1-4c78-b3de-e1da1f950771 port:44089, addresses:[localhost/127.0.0.1]]
2023-05-16T12:11:03.020+0300 [DEBUG] [org.gradle.launcher.daemon.registry.PersistentDaemonRegistry] Marking busy by address: [79dfbec5-61b1-4c78-b3de-e1da1f950771 port:44089, addresses:[localhost/127.0.0.1]]
2023-05-16T12:11:03.409+0300 [DEBUG] [org.gradle.cache.internal.DefaultFileLockManager] Waiting to acquire exclusive lock on daemon addresses registry.
2023-05-16T12:11:03.412+0300 [DEBUG] [org.gradle.cache.internal.DefaultFileLockManager] Lock acquired on daemon addresses registry.
2023-05-16T12:11:03.602+0300 [DEBUG] [org.gradle.cache.internal.DefaultFileLockManager] Releasing lock on daemon addresses registry.
2023-05-16T12:11:03.605+0300 [DEBUG] [org.gradle.launcher.daemon.server.DaemonStateCoordinator] daemon is running. Sleeping until state changes.
2023-05-16T12:11:03.608+0300 [DEBUG] [org.gradle.launcher.daemon.server.exec.ReturnResult] Daemon is dispatching the build result: Success[value=org.gradle.launcher.exec.BuildActionResult@1f70973f]
2023-05-16T12:11:03.609+0300 [DEBUG] [org.gradle.launcher.daemon.server.SynchronizedDispatchConnection] thread 20: dispatching Success[value=org.gradle.launcher.exec.BuildActionResult@1f70973f]
2023-05-16T12:11:03.945+0300 [DEBUG] [org.gradle.launcher.daemon.server.DefaultIncomingConnectionHandler] Finishing executing command: Build{id=5134b5db-064c-4412-963c-5e88dd3dd9d4, currentDir=/home/maxsuriva/java-project-61/app}
2023-05-16T12:11:07.534+0300 [DEBUG] [org.gradle.launcher.daemon.server.SynchronizedDispatchConnection] thread 21: received class org.gradle.launcher.daemon.protocol.Finished
2023-05-16T12:11:08.172+0300 [DEBUG] [org.gradle.launcher.daemon.server.DefaultDaemonConnection] thread 21: Received non-IO message from client: org.gradle.launcher.daemon.protocol.Finished@7a6baba7
2023-05-16T12:11:08.237+0300 [DEBUG] [org.gradle.process.internal.health.memory.DefaultMemoryManager] 402653184 memory requested, 337129472 free
2023-05-16T12:11:08.239+0300 [DEBUG] [org.gradle.workers.internal.WorkerDaemonExpiration] Will attempt to release 384 of memory
2023-05-16T12:11:08.245+0300 [DEBUG] [org.gradle.process.internal.health.memory.DefaultMemoryManager] 402653184 memory requested, 0 released, 337129472 free
2023-05-16T12:11:08.694+0300 [DEBUG] [org.gradle.launcher.daemon.server.DefaultIncomingConnectionHandler] Received finished message: org.gradle.launcher.daemon.protocol.Finished@7a6baba7
2023-05-16T12:11:08.698+0300 [DEBUG] [org.gradle.launcher.daemon.server.SynchronizedDispatchConnection] thread 20: stopping connection
2023-05-16T12:11:08.996+0300 [DEBUG] [org.gradle.cache.internal.DefaultFileLockManager] Waiting to acquire shared lock on daemon addresses registry.
2023-05-16T12:11:08.999+0300 [DEBUG] [org.gradle.cache.internal.DefaultFileLockManager] Lock acquired on daemon addresses registry.
2023-05-16T12:11:09.002+0300 [DEBUG] [org.gradle.internal.remote.internal.inet.SocketConnection] Discarding EOFException: java.io.EOFException
2023-05-16T12:11:09.002+0300 [DEBUG] [org.gradle.launcher.daemon.server.SynchronizedDispatchConnection] thread 21: received null
2023-05-16T12:11:09.002+0300 [DEBUG] [org.gradle.launcher.daemon.server.DefaultDaemonConnection] thread 21: Received end-of-input from client.
2023-05-16T12:11:09.583+0300 [DEBUG] [org.gradle.cache.internal.DefaultFileLockManager] Releasing lock on daemon addresses registry.
2023-05-16T12:11:09.587+0300 [DEBUG] [org.gradle.launcher.daemon.server.SynchronizedDispatchConnection] thread 20: stopping connection
2023-05-16T12:11:09.704+0300 [DEBUG] [org.gradle.cache.internal.DefaultFileLockManager] Waiting to acquire shared lock on daemon addresses registry.
2023-05-16T12:11:09.712+0300 [DEBUG] [org.gradle.cache.internal.DefaultFileLockManager] Lock acquired on daemon addresses registry.
2023-05-16T12:11:09.712+0300 [DEBUG] [org.gradle.cache.internal.DefaultFileLockManager] Releasing lock on daemon addresses registry.
2023-05-16T12:11:12.695+0300 [DEBUG] [org.gradle.process.internal.health.memory.DefaultMemoryManager] 402653184 memory requested, 325165056 free
2023-05-16T12:11:12.711+0300 [DEBUG] [org.gradle.workers.internal.WorkerDaemonExpiration] Will attempt to release 384 of memory
2023-05-16T12:11:12.712+0300 [DEBUG] [org.gradle.process.internal.health.memory.DefaultMemoryManager] 402653184 memory requested, 0 released, 325165056 free
2023-05-16T12:11:18.579+0300 [DEBUG] [org.gradle.cache.internal.DefaultFileLockManager] Waiting to acquire shared lock on daemon addresses registry.
2023-05-16T12:11:18.815+0300 [DEBUG] [org.gradle.cache.internal.DefaultFileLockManager] Lock acquired on daemon addresses registry.
2023-05-16T12:11:18.819+0300 [DEBUG] [org.gradle.cache.internal.DefaultFileLockManager] Releasing lock on daemon addresses registry.
2023-05-16T12:11:18.829+0300 [DEBUG] [org.gradle.cache.internal.DefaultFileLockManager] Waiting to acquire shared lock on daemon addresses registry.
2023-05-16T12:11:18.830+0300 [DEBUG] [org.gradle.cache.internal.DefaultFileLockManager] Lock acquired on daemon addresses registry.
2023-05-16T12:11:18.830+0300 [DEBUG] [org.gradle.cache.internal.DefaultFileLockManager] Releasing lock on daemon addresses registry.
2023-05-16T12:11:19.952+0300 [DEBUG] [org.gradle.cache.internal.DefaultFileLockManager] Waiting to acquire shared lock on daemon addresses registry.
2023-05-16T12:11:19.954+0300 [DEBUG] [org.gradle.cache.internal.DefaultFileLockManager] Lock acquired on daemon addresses registry.
2023-05-16T12:11:19.954+0300 [DEBUG] [org.gradle.cache.internal.DefaultFileLockManager] Releasing lock on daemon addresses registry.
2023-05-16T12:11:19.957+0300 [DEBUG] [org.gradle.launcher.daemon.server.health.LowMemoryDaemonExpirationStrategy] Nearing low memory threshold - OS memory {Total: 1812926464, Free: 610902016}
2023-05-16T12:11:19.959+0300 [DEBUG] [org.gradle.cache.internal.DefaultFileLockManager] Waiting to acquire shared lock on daemon addresses registry.
2023-05-16T12:11:19.960+0300 [DEBUG] [org.gradle.cache.internal.DefaultFileLockManager] Lock acquired on daemon addresses registry.
2023-05-16T12:11:19.960+0300 [DEBUG] [org.gradle.cache.internal.DefaultFileLockManager] Releasing lock on daemon addresses registry.
2023-05-16T12:11:19.965+0300 [DEBUG] [org.gradle.launcher.daemon.server.DaemonRegistryUpdater] Storing daemon stop event: other compatible daemons were started and after being idle for 0 minutes and not recently used
2023-05-16T12:11:19.972+0300 [DEBUG] [org.gradle.launcher.daemon.registry.PersistentDaemonRegistry] Storing daemon stop event with timestamp 1684228279973
2023-05-16T12:11:20.009+0300 [DEBUG] [org.gradle.cache.internal.DefaultFileLockManager] Waiting to acquire exclusive lock on daemon addresses registry.
2023-05-16T12:11:20.011+0300 [DEBUG] [org.gradle.cache.internal.DefaultFileLockManager] Lock acquired on daemon addresses registry.
2023-05-16T12:11:20.014+0300 [DEBUG] [org.gradle.cache.internal.DefaultFileLockManager] Releasing lock on daemon addresses registry.
2023-05-16T12:11:20.015+0300 [LIFECYCLE] [org.gradle.launcher.daemon.server.DaemonStateCoordinator] Daemon will be stopped at the end of the build other compatible daemons were started and after being idle for 0 minutes and not recently used
2023-05-16T12:11:20.016+0300 [DEBUG] [org.gradle.launcher.daemon.server.DaemonStateCoordinator] Marking daemon stopped due to other compatible daemons were started and after being idle for 0 minutes and not recently used. The daemon is running a build: false
2023-05-16T12:11:20.018+0300 [DEBUG] [org.gradle.launcher.daemon.server.DaemonStateCoordinator] daemon has stopped.
2023-05-16T12:11:20.019+0300 [DEBUG] [org.gradle.launcher.daemon.server.Daemon] stop() called on daemon
2023-05-16T12:11:20.020+0300 [INFO] [org.gradle.launcher.daemon.server.Daemon] Stop requested. Daemon is removing its presence from the registry...
2023-05-16T12:11:20.022+0300 [DEBUG] [org.gradle.launcher.daemon.server.DaemonRegistryUpdater] Removing our presence to clients, eg. removing this address from the registry: [79dfbec5-61b1-4c78-b3de-e1da1f950771 port:44089, addresses:[localhost/127.0.0.1]]
2023-05-16T12:11:20.023+0300 [DEBUG] [org.gradle.launcher.daemon.registry.PersistentDaemonRegistry] Removing daemon address: [79dfbec5-61b1-4c78-b3de-e1da1f950771 port:44089, addresses:[localhost/127.0.0.1]]
2023-05-16T12:11:20.027+0300 [DEBUG] [org.gradle.cache.internal.DefaultFileLockManager] Waiting to acquire exclusive lock on daemon addresses registry.
2023-05-16T12:11:20.028+0300 [DEBUG] [org.gradle.cache.internal.DefaultFileLockManager] Lock acquired on daemon addresses registry.
2023-05-16T12:11:20.030+0300 [DEBUG] [org.gradle.cache.internal.DefaultFileLockManager] Releasing lock on daemon addresses registry.
2023-05-16T12:11:20.030+0300 [DEBUG] [org.gradle.launcher.daemon.server.DaemonRegistryUpdater] Address removed from registry.
2023-05-16T12:11:20.062+0300 [DEBUG] [org.gradle.cache.internal.DefaultPersistentDirectoryStore] jars (/home/maxsuriva/java-project-61/app/caches/jars-9) has last been fully cleaned up 0 hours ago
2023-05-16T12:11:20.068+0300 [DEBUG] [org.gradle.cache.internal.DefaultCacheAccess] Cache jars (/home/maxsuriva/java-project-61/app/caches/jars-9) was closed 2 times.
2023-05-16T12:11:20.076+0300 [DEBUG] [org.gradle.cache.internal.DefaultPersistentDirectoryStore] Artifact transforms cache (/home/maxsuriva/java-project-61/app/caches/transforms-3) has last been fully cleaned up 0 hours ago
2023-05-16T12:11:20.077+0300 [DEBUG] [org.gradle.cache.internal.DefaultCacheAccess] Cache Artifact transforms cache (/home/maxsuriva/java-project-61/app/caches/transforms-3) was closed 0 times.
2023-05-16T12:11:20.095+0300 [DEBUG] [org.gradle.cache.internal.DefaultCacheAccess] Cache file content cache (/home/maxsuriva/java-project-61/app/caches/8.0/fileContent) was closed 2 times.
2023-05-16T12:11:20.096+0300 [DEBUG] [org.gradle.internal.watch.vfs.impl.WatchingVirtualFileSystem] Closing VFS, dropping state
2023-05-16T12:11:20.118+0300 [DEBUG] [org.gradle.cache.internal.DefaultCacheAccess] Cache Generated Gradle JARs cache (/home/maxsuriva/java-project-61/app/caches/8.0/generated-gradle-jars) was closed 0 times.
2023-05-16T12:11:20.120+0300 [DEBUG] [org.gradle.cache.internal.LockOnDemandCrossProcessCacheAccess] Releasing file lock for artifact cache (/home/maxsuriva/java-project-61/app/caches/modules-2)
2023-05-16T12:11:20.121+0300 [DEBUG] [org.gradle.cache.internal.DefaultFileLockManager] Releasing lock on artifact cache (/home/maxsuriva/java-project-61/app/caches/modules-2).
2023-05-16T12:11:20.121+0300 [DEBUG] [org.gradle.internal.watch.registry.impl.DefaultFileWatcherRegistry] Finished listening to file system change events
2023-05-16T12:11:20.121+0300 [DEBUG] [org.gradle.cache.internal.DefaultPersistentDirectoryStore] artifact cache (/home/maxsuriva/java-project-61/app/caches/modules-2) has last been fully cleaned up 0 hours ago
2023-05-16T12:11:20.122+0300 [DEBUG] [org.gradle.cache.internal.DefaultCacheAccess] Cache artifact cache (/home/maxsuriva/java-project-61/app/caches/modules-2) was closed 2 times.
2023-05-16T12:11:20.125+0300 [DEBUG] [org.gradle.cache.internal.DefaultCacheAccess] Cache journal cache (/home/maxsuriva/java-project-61/app/caches/journal-1) was closed 3 times.
2023-05-16T12:11:20.127+0300 [DEBUG] [org.gradle.cache.internal.DefaultCacheAccess] Cache file hash cache (/home/maxsuriva/java-project-61/app/caches/8.0/fileHashes) was closed 3 times.
Daemon vm is shutting down... The daemon has exited normally or was terminated in response to a user interrupt.
2023-05-16T12:11:20.154+0300 [DEBUG] [org.gradle.launcher.daemon.registry.PersistentDaemonRegistry] Removing daemon address: [79dfbec5-61b1-4c78-b3de-e1da1f950771 port:44089, addresses:[localhost/127.0.0.1]]
2023-05-16T12:11:20.154+0300 [DEBUG] [org.gradle.cache.internal.DefaultFileLockManager] Waiting to acquire exclusive lock on daemon addresses registry.
2023-05-16T12:11:20.155+0300 [DEBUG] [org.gradle.cache.internal.DefaultFileLockManager] Lock acquired on daemon addresses registry.
2023-05-16T12:11:20.157+0300 [DEBUG] [org.gradle.cache.internal.DefaultFileLockManager] Releasing lock on daemon addresses registry.
