2023-05-09T13:45:24.109+0300 [DEBUG] [org.gradle.launcher.daemon.bootstrap.DaemonMain] Assuming the daemon was started with following jvm opts: [--add-opens=java.base/java.util=ALL-UNNAMED, --add-opens=java.base/java.lang=ALL-UNNAMED, --add-opens=java.base/java.lang.invoke=ALL-UNNAMED, --add-opens=java.prefs/java.util.prefs=ALL-UNNAMED, --add-opens=java.base/java.nio.charset=ALL-UNNAMED, --add-opens=java.base/java.net=ALL-UNNAMED, --add-opens=java.base/java.util.concurrent.atomic=ALL-UNNAMED, -XX:MaxMetaspaceSize=256m, -XX:+HeapDumpOnOutOfMemoryError, -Xms256m, -Xmx512m, -Dfile.encoding=windows-1251, -Duser.country, -Duser.language=en, -Duser.variant]
2023-05-09T13:45:24.279+0300 [INFO] [org.gradle.launcher.daemon.server.Daemon] start() called on daemon - DefaultDaemonContext[uid=17b8247c-8073-437c-b77b-2069a545ceee,javaHome=/usr/lib/jvm/java-17-openjdk-amd64,daemonRegistryDir=/home/maxsuriva/java-project-61/app/daemon,pid=5880,idleTimeout=10800000,priority=NORMAL,daemonOpts=--add-opens=java.base/java.util=ALL-UNNAMED,--add-opens=java.base/java.lang=ALL-UNNAMED,--add-opens=java.base/java.lang.invoke=ALL-UNNAMED,--add-opens=java.prefs/java.util.prefs=ALL-UNNAMED,--add-opens=java.base/java.nio.charset=ALL-UNNAMED,--add-opens=java.base/java.net=ALL-UNNAMED,--add-opens=java.base/java.util.concurrent.atomic=ALL-UNNAMED,-XX:MaxMetaspaceSize=256m,-XX:+HeapDumpOnOutOfMemoryError,-Xms256m,-Xmx512m,-Dfile.encoding=windows-1251,-Duser.country,-Duser.language=en,-Duser.variant]
2023-05-09T13:45:24.310+0300 [DEBUG] [org.gradle.internal.remote.internal.inet.InetAddresses] Adding IP addresses for network interface eth0
2023-05-09T13:45:24.311+0300 [DEBUG] [org.gradle.internal.remote.internal.inet.InetAddresses] Is this a loopback interface? false
2023-05-09T13:45:24.311+0300 [DEBUG] [org.gradle.internal.remote.internal.inet.InetAddresses] Adding remote address /fe80:0:0:0:215:5dff:fe67:43fb%eth0
2023-05-09T13:45:24.311+0300 [DEBUG] [org.gradle.internal.remote.internal.inet.InetAddresses] Adding remote address /172.27.90.93
2023-05-09T13:45:24.312+0300 [DEBUG] [org.gradle.internal.remote.internal.inet.InetAddresses] Adding IP addresses for network interface lo
2023-05-09T13:45:24.313+0300 [DEBUG] [org.gradle.internal.remote.internal.inet.InetAddresses] Is this a loopback interface? true
2023-05-09T13:45:24.313+0300 [DEBUG] [org.gradle.internal.remote.internal.inet.InetAddresses] Adding loopback address /0:0:0:0:0:0:0:1%lo
2023-05-09T13:45:24.313+0300 [DEBUG] [org.gradle.internal.remote.internal.inet.InetAddresses] Adding loopback address /127.0.0.1
2023-05-09T13:45:24.315+0300 [DEBUG] [org.gradle.internal.remote.internal.inet.TcpIncomingConnector] Listening on [bff0ac5a-5aca-4cb1-8359-582d0a706eb6 port:33693, addresses:[localhost/127.0.0.1]].
2023-05-09T13:45:24.328+0300 [DEBUG] [org.gradle.launcher.daemon.server.Daemon] Daemon starting at: Tue May 09 13:45:24 MSK 2023, with address: [bff0ac5a-5aca-4cb1-8359-582d0a706eb6 port:33693, addresses:[localhost/127.0.0.1]]
2023-05-09T13:45:24.328+0300 [INFO] [org.gradle.launcher.daemon.server.DaemonRegistryUpdater] Advertising the daemon address to the clients: [bff0ac5a-5aca-4cb1-8359-582d0a706eb6 port:33693, addresses:[localhost/127.0.0.1]]
2023-05-09T13:45:24.329+0300 [DEBUG] [org.gradle.launcher.daemon.server.DaemonRegistryUpdater] Advertised daemon context: DefaultDaemonContext[uid=17b8247c-8073-437c-b77b-2069a545ceee,javaHome=/usr/lib/jvm/java-17-openjdk-amd64,daemonRegistryDir=/home/maxsuriva/java-project-61/app/daemon,pid=5880,idleTimeout=10800000,priority=NORMAL,daemonOpts=--add-opens=java.base/java.util=ALL-UNNAMED,--add-opens=java.base/java.lang=ALL-UNNAMED,--add-opens=java.base/java.lang.invoke=ALL-UNNAMED,--add-opens=java.prefs/java.util.prefs=ALL-UNNAMED,--add-opens=java.base/java.nio.charset=ALL-UNNAMED,--add-opens=java.base/java.net=ALL-UNNAMED,--add-opens=java.base/java.util.concurrent.atomic=ALL-UNNAMED,-XX:MaxMetaspaceSize=256m,-XX:+HeapDumpOnOutOfMemoryError,-Xms256m,-Xmx512m,-Dfile.encoding=windows-1251,-Duser.country,-Duser.language=en,-Duser.variant]
2023-05-09T13:45:24.330+0300 [DEBUG] [org.gradle.launcher.daemon.registry.PersistentDaemonRegistry] Storing daemon address: [bff0ac5a-5aca-4cb1-8359-582d0a706eb6 port:33693, addresses:[localhost/127.0.0.1]], context: DefaultDaemonContext[uid=17b8247c-8073-437c-b77b-2069a545ceee,javaHome=/usr/lib/jvm/java-17-openjdk-amd64,daemonRegistryDir=/home/maxsuriva/java-project-61/app/daemon,pid=5880,idleTimeout=10800000,priority=NORMAL,daemonOpts=--add-opens=java.base/java.util=ALL-UNNAMED,--add-opens=java.base/java.lang=ALL-UNNAMED,--add-opens=java.base/java.lang.invoke=ALL-UNNAMED,--add-opens=java.prefs/java.util.prefs=ALL-UNNAMED,--add-opens=java.base/java.nio.charset=ALL-UNNAMED,--add-opens=java.base/java.net=ALL-UNNAMED,--add-opens=java.base/java.util.concurrent.atomic=ALL-UNNAMED,-XX:MaxMetaspaceSize=256m,-XX:+HeapDumpOnOutOfMemoryError,-Xms256m,-Xmx512m,-Dfile.encoding=windows-1251,-Duser.country,-Duser.language=en,-Duser.variant]
2023-05-09T13:45:24.359+0300 [DEBUG] [org.gradle.cache.internal.DefaultFileLockManager] Waiting to acquire exclusive lock on daemon addresses registry.
2023-05-09T13:45:24.362+0300 [DEBUG] [org.gradle.cache.internal.DefaultFileLockManager] Lock acquired on daemon addresses registry.
2023-05-09T13:45:24.366+0300 [DEBUG] [org.gradle.cache.internal.DefaultFileLockManager] Releasing lock on daemon addresses registry.
2023-05-09T13:45:24.367+0300 [LIFECYCLE] [org.gradle.launcher.daemon.server.Daemon] Daemon server started.
2023-05-09T13:45:24.367+0300 [DEBUG] [org.gradle.launcher.daemon.bootstrap.DaemonStartupCommunication] Completed writing the daemon greeting. Closing streams...
2023-05-09T13:45:24.372+0300 [DEBUG] [org.gradle.launcher.daemon.server.Daemon] stopOnExpiration() called on daemon
2023-05-09T13:45:24.373+0300 [DEBUG] [org.gradle.launcher.daemon.server.Daemon] awaitExpiration() called on daemon
2023-05-09T13:45:24.374+0300 [DEBUG] [org.gradle.launcher.daemon.server.DaemonStateCoordinator] daemon is running. Sleeping until state changes.
2023-05-09T13:45:24.378+0300 [DEBUG] [org.gradle.internal.remote.internal.inet.TcpIncomingConnector] Accepted connection from /127.0.0.1:36240 to /127.0.0.1:33693.
2023-05-09T13:45:24.399+0300 [DEBUG] [org.gradle.launcher.daemon.server.SynchronizedDispatchConnection] thread 21: received class org.gradle.launcher.daemon.protocol.Build
2023-05-09T13:45:24.399+0300 [DEBUG] [org.gradle.launcher.daemon.server.DefaultDaemonConnection] thread 21: Received non-IO message from client: Build{id=489e8812-4d34-476f-a8b8-b6d8b0081ee9, currentDir=/home/maxsuriva/java-project-61/app}
2023-05-09T13:45:24.400+0300 [INFO] [org.gradle.launcher.daemon.server.DefaultIncomingConnectionHandler] Received command: Build{id=489e8812-4d34-476f-a8b8-b6d8b0081ee9, currentDir=/home/maxsuriva/java-project-61/app}.
2023-05-09T13:45:24.401+0300 [DEBUG] [org.gradle.launcher.daemon.server.DefaultIncomingConnectionHandler] Starting executing command: Build{id=489e8812-4d34-476f-a8b8-b6d8b0081ee9, currentDir=/home/maxsuriva/java-project-61/app} with connection: socket connection from /127.0.0.1:33693 to /127.0.0.1:36240.
2023-05-09T13:45:24.404+0300 [DEBUG] [org.gradle.launcher.daemon.server.DaemonStateCoordinator] Command execution: started DaemonCommandExecution[command = Build{id=489e8812-4d34-476f-a8b8-b6d8b0081ee9, currentDir=/home/maxsuriva/java-project-61/app}, connection = DefaultDaemonConnection: socket connection from /127.0.0.1:33693 to /127.0.0.1:36240] after 0.0 minutes of idle
2023-05-09T13:45:24.404+0300 [INFO] [org.gradle.launcher.daemon.server.DaemonRegistryUpdater] Marking the daemon as busy, address: [bff0ac5a-5aca-4cb1-8359-582d0a706eb6 port:33693, addresses:[localhost/127.0.0.1]]
2023-05-09T13:45:24.404+0300 [DEBUG] [org.gradle.launcher.daemon.registry.PersistentDaemonRegistry] Marking busy by address: [bff0ac5a-5aca-4cb1-8359-582d0a706eb6 port:33693, addresses:[localhost/127.0.0.1]]
2023-05-09T13:45:24.405+0300 [DEBUG] [org.gradle.cache.internal.DefaultFileLockManager] Waiting to acquire exclusive lock on daemon addresses registry.
2023-05-09T13:45:24.406+0300 [DEBUG] [org.gradle.cache.internal.DefaultFileLockManager] Lock acquired on daemon addresses registry.
2023-05-09T13:45:24.415+0300 [DEBUG] [org.gradle.cache.internal.DefaultFileLockManager] Releasing lock on daemon addresses registry.
2023-05-09T13:45:24.415+0300 [DEBUG] [org.gradle.launcher.daemon.server.DaemonStateCoordinator] resetting idle timer
2023-05-09T13:45:24.416+0300 [DEBUG] [org.gradle.launcher.daemon.server.DaemonStateCoordinator] daemon is running. Sleeping until state changes.
2023-05-09T13:45:24.417+0300 [INFO] [org.gradle.launcher.daemon.server.exec.StartBuildOrRespondWithBusy] Daemon is about to start building Build{id=489e8812-4d34-476f-a8b8-b6d8b0081ee9, currentDir=/home/maxsuriva/java-project-61/app}. Dispatching build started information...
2023-05-09T13:45:24.418+0300 [DEBUG] [org.gradle.launcher.daemon.server.SynchronizedDispatchConnection] thread 23: dispatching org.gradle.launcher.daemon.protocol.BuildStarted@6bf24f0e
2023-05-09T13:45:24.420+0300 [DEBUG] [org.gradle.launcher.daemon.server.exec.EstablishBuildEnvironment] Configuring env variables: [PATH, serverBindingPort, SHELL, WSL_INTEROP, WSL_DISTRO_NAME, HOSTTYPE, WSL2_GUI_APPS_ENABLED, TERM, OLDPWD, USER, LANG, NAME, PULSE_SERVER, DISPLAY, serverBindingHost, WAYLAND_DISPLAY, WSLENV, LOGNAME, PWD, XDG_RUNTIME_DIR, HOME]
2023-05-09T13:45:24.424+0300 [DEBUG] [org.gradle.launcher.daemon.server.SynchronizedDispatchConnection] thread 21: received class org.gradle.launcher.daemon.protocol.CloseInput
2023-05-09T13:45:24.424+0300 [DEBUG] [org.gradle.launcher.daemon.server.DefaultDaemonConnection] thread 21: Received IO message from client: org.gradle.launcher.daemon.protocol.CloseInput@5a6df7ac
2023-05-09T13:45:24.426+0300 [DEBUG] [org.gradle.launcher.daemon.server.exec.LogToClient] About to start relaying all logs to the client via the connection.
2023-05-09T13:45:24.427+0300 [INFO] [org.gradle.launcher.daemon.server.exec.LogToClient] The client will now receive all logging from the daemon (pid: 5880). The daemon log file: /home/maxsuriva/java-project-61/app/daemon/8.0/daemon-5880.out.log
2023-05-09T13:45:24.429+0300 [INFO] [org.gradle.launcher.daemon.server.exec.LogAndCheckHealth] Starting build in new daemon [memory: 494.9 MiB]
2023-05-09T13:45:24.431+0300 [INFO] [org.gradle.launcher.daemon.server.exec.ForwardClientInput] Closing daemon's stdin at end of input.
2023-05-09T13:45:24.432+0300 [INFO] [org.gradle.launcher.daemon.server.exec.ForwardClientInput] The daemon will no longer process any standard input.
2023-05-09T13:45:24.437+0300 [DEBUG] [org.gradle.launcher.daemon.server.exec.ExecuteBuild] The daemon has started executing the build.
2023-05-09T13:45:24.437+0300 [DEBUG] [org.gradle.launcher.daemon.server.exec.ExecuteBuild] Executing build with daemon context: DefaultDaemonContext[uid=17b8247c-8073-437c-b77b-2069a545ceee,javaHome=/usr/lib/jvm/java-17-openjdk-amd64,daemonRegistryDir=/home/maxsuriva/java-project-61/app/daemon,pid=5880,idleTimeout=10800000,priority=NORMAL,daemonOpts=--add-opens=java.base/java.util=ALL-UNNAMED,--add-opens=java.base/java.lang=ALL-UNNAMED,--add-opens=java.base/java.lang.invoke=ALL-UNNAMED,--add-opens=java.prefs/java.util.prefs=ALL-UNNAMED,--add-opens=java.base/java.nio.charset=ALL-UNNAMED,--add-opens=java.base/java.net=ALL-UNNAMED,--add-opens=java.base/java.util.concurrent.atomic=ALL-UNNAMED,-XX:MaxMetaspaceSize=256m,-XX:+HeapDumpOnOutOfMemoryError,-Xms256m,-Xmx512m,-Dfile.encoding=windows-1251,-Duser.country,-Duser.language=en,-Duser.variant]
/home/maxsuriva/java-project-61/app/src/main/java/hexlet/code/App.java:26: error: cannot find symbol
                Cli.greeting();
                ^
  symbol:   variable Cli
  location: class App
/home/maxsuriva/java-project-61/app/src/main/java/hexlet/code/Calc.java:16: error: cannot find symbol
            int number1 = Utils.getRandomNumber(0, MAX_NUMBER);
                          ^
  symbol:   variable Utils
  location: class Calc
/home/maxsuriva/java-project-61/app/src/main/java/hexlet/code/Calc.java:17: error: cannot find symbol
            int number2 = Utils.getRandomNumber(0, MAX_NUMBER);
                          ^
  symbol:   variable Utils
  location: class Calc
/home/maxsuriva/java-project-61/app/src/main/java/hexlet/code/Calc.java:18: error: cannot find symbol
            String operator = OPERATORS[Utils.getRandomNumber(0, OPERATORS.length)];
                                        ^
  symbol:   variable Utils
  location: class Calc
4 errors

FAILURE: Build failed with an exception.

* What went wrong:
Execution failed for task ':compileJava'.
> java.nio.file.NoSuchFileException: /home/maxsuriva/java-project-61/app/build/tmp/compileJava/compileTransaction/stash-dir/App.class.uniqueId0

* Try:
> Run with --stacktrace option to get the stack trace.
> Run with --info or --debug option to get more log output.
> Run with --scan to get full insights.

* Get more help at https://help.gradle.org

BUILD FAILED in 15s
1 actionable task: 1 executed
2023-05-09T13:45:37.946+0300 [DEBUG] [org.gradle.launcher.daemon.server.exec.ExecuteBuild] The daemon has finished executing the build.
2023-05-09T13:45:37.965+0300 [DEBUG] [org.gradle.launcher.daemon.server.DaemonStateCoordinator] daemon is running. Sleeping until state changes.
2023-05-09T13:45:37.967+0300 [DEBUG] [org.gradle.launcher.daemon.server.DaemonStateCoordinator] Command execution: finished waiting for DaemonCommandExecution[command = Build{id=489e8812-4d34-476f-a8b8-b6d8b0081ee9, currentDir=/home/maxsuriva/java-project-61/app}, connection = DefaultDaemonConnection: socket connection from /127.0.0.1:33693 to /127.0.0.1:36240]. Result org.gradle.launcher.daemon.server.DaemonStateCoordinator@3ea1aeb8 with state Busy
2023-05-09T13:45:37.968+0300 [DEBUG] [org.gradle.launcher.daemon.server.DaemonStateCoordinator] Command execution: completed DaemonCommandExecution[command = Build{id=489e8812-4d34-476f-a8b8-b6d8b0081ee9, currentDir=/home/maxsuriva/java-project-61/app}, connection = DefaultDaemonConnection: socket connection from /127.0.0.1:33693 to /127.0.0.1:36240]
2023-05-09T13:45:37.968+0300 [DEBUG] [org.gradle.launcher.daemon.server.DaemonStateCoordinator] resetting idle timer
2023-05-09T13:45:37.968+0300 [INFO] [org.gradle.launcher.daemon.server.DaemonRegistryUpdater] Marking the daemon as idle, address: [bff0ac5a-5aca-4cb1-8359-582d0a706eb6 port:33693, addresses:[localhost/127.0.0.1]]
2023-05-09T13:45:37.969+0300 [DEBUG] [org.gradle.launcher.daemon.registry.PersistentDaemonRegistry] Marking busy by address: [bff0ac5a-5aca-4cb1-8359-582d0a706eb6 port:33693, addresses:[localhost/127.0.0.1]]
2023-05-09T13:45:37.969+0300 [DEBUG] [org.gradle.cache.internal.DefaultFileLockManager] Waiting to acquire exclusive lock on daemon addresses registry.
2023-05-09T13:45:37.969+0300 [DEBUG] [org.gradle.cache.internal.DefaultFileLockManager] Lock acquired on daemon addresses registry.
2023-05-09T13:45:37.972+0300 [DEBUG] [org.gradle.cache.internal.DefaultFileLockManager] Releasing lock on daemon addresses registry.
2023-05-09T13:45:37.972+0300 [DEBUG] [org.gradle.launcher.daemon.server.DaemonStateCoordinator] daemon is running. Sleeping until state changes.
2023-05-09T13:45:37.972+0300 [DEBUG] [org.gradle.launcher.daemon.server.exec.ReturnResult] Daemon is dispatching the build result: Success[value=org.gradle.launcher.exec.BuildActionResult@5650461a]
2023-05-09T13:45:37.973+0300 [DEBUG] [org.gradle.launcher.daemon.server.SynchronizedDispatchConnection] thread 20: dispatching Success[value=org.gradle.launcher.exec.BuildActionResult@5650461a]
2023-05-09T13:45:37.988+0300 [DEBUG] [org.gradle.launcher.daemon.server.DefaultIncomingConnectionHandler] Finishing executing command: Build{id=489e8812-4d34-476f-a8b8-b6d8b0081ee9, currentDir=/home/maxsuriva/java-project-61/app}
2023-05-09T13:45:38.001+0300 [DEBUG] [org.gradle.process.internal.health.memory.DefaultMemoryManager] 402653184 memory requested, 263708672 free
2023-05-09T13:45:38.001+0300 [DEBUG] [org.gradle.workers.internal.WorkerDaemonExpiration] Will attempt to release 384 of memory
2023-05-09T13:45:38.004+0300 [DEBUG] [org.gradle.process.internal.health.memory.DefaultMemoryManager] 402653184 memory requested, 0 released, 263708672 free
2023-05-09T13:45:38.119+0300 [DEBUG] [org.gradle.launcher.daemon.server.SynchronizedDispatchConnection] thread 21: received class org.gradle.launcher.daemon.protocol.Finished
2023-05-09T13:45:38.120+0300 [DEBUG] [org.gradle.launcher.daemon.server.DefaultDaemonConnection] thread 21: Received non-IO message from client: org.gradle.launcher.daemon.protocol.Finished@552450c
2023-05-09T13:45:38.120+0300 [DEBUG] [org.gradle.launcher.daemon.server.DefaultIncomingConnectionHandler] Received finished message: org.gradle.launcher.daemon.protocol.Finished@552450c
2023-05-09T13:45:38.121+0300 [DEBUG] [org.gradle.launcher.daemon.server.SynchronizedDispatchConnection] thread 20: stopping connection
2023-05-09T13:45:38.123+0300 [DEBUG] [org.gradle.internal.remote.internal.inet.SocketConnection] Discarding EOFException: java.io.EOFException
2023-05-09T13:45:38.124+0300 [DEBUG] [org.gradle.launcher.daemon.server.SynchronizedDispatchConnection] thread 21: received null
2023-05-09T13:45:38.124+0300 [DEBUG] [org.gradle.launcher.daemon.server.DefaultDaemonConnection] thread 21: Received end-of-input from client.
2023-05-09T13:45:38.124+0300 [DEBUG] [org.gradle.launcher.daemon.server.SynchronizedDispatchConnection] thread 20: stopping connection
2023-05-09T13:45:38.923+0300 [DEBUG] [org.gradle.internal.watch.vfs.impl.WatchingVirtualFileSystem] Handling VFS change CREATED /home/maxsuriva/java-project-61/app/build/classes/java/main/hexlet/code/Even.class
2023-05-09T13:45:38.935+0300 [INFO] [org.gradle.internal.watch.registry.impl.NonHierarchicalFileWatcherUpdater] Watching 9 directories to track changes
2023-05-09T13:45:39.295+0300 [DEBUG] [org.gradle.internal.watch.vfs.impl.WatchingVirtualFileSystem] Handling VFS change CREATED /home/maxsuriva/java-project-61/app/build/tmp/compileJava/previous-compilation-data.bin
2023-05-09T13:45:39.297+0300 [INFO] [org.gradle.internal.watch.registry.impl.NonHierarchicalFileWatcherUpdater] Watching 8 directories to track changes
2023-05-09T13:45:41.899+0300 [DEBUG] [org.gradle.cache.internal.LockOnDemandCrossProcessCacheAccess] Lock on artifact cache (/home/maxsuriva/java-project-61/app/caches/modules-2) requested by another process - releasing lock.
2023-05-09T13:45:41.900+0300 [DEBUG] [org.gradle.cache.internal.LockOnDemandCrossProcessCacheAccess] Releasing file lock for artifact cache (/home/maxsuriva/java-project-61/app/caches/modules-2)
2023-05-09T13:45:41.901+0300 [DEBUG] [org.gradle.cache.internal.DefaultFileLockManager] Releasing lock on artifact cache (/home/maxsuriva/java-project-61/app/caches/modules-2).
2023-05-09T13:45:41.901+0300 [DEBUG] [org.gradle.cache.internal.locklistener.FileLockCommunicator] Confirming lock release to Gradle process at port 38496 for lock with id 5621296347195787202.
2023-05-09T13:45:41.902+0300 [DEBUG] [org.gradle.cache.internal.locklistener.FileLockCommunicator] Confirming lock release to Gradle process at port 38496 for lock with id 5621296347195787202.
2023-05-09T13:45:44.377+0300 [DEBUG] [org.gradle.cache.internal.DefaultFileLockManager] Waiting to acquire shared lock on daemon addresses registry.
2023-05-09T13:45:44.379+0300 [DEBUG] [org.gradle.cache.internal.DefaultFileLockManager] Lock acquired on daemon addresses registry.
2023-05-09T13:45:44.381+0300 [DEBUG] [org.gradle.cache.internal.DefaultFileLockManager] Releasing lock on daemon addresses registry.
2023-05-09T13:45:44.384+0300 [DEBUG] [org.gradle.cache.internal.DefaultFileLockManager] Waiting to acquire shared lock on daemon addresses registry.
2023-05-09T13:45:44.384+0300 [DEBUG] [org.gradle.cache.internal.DefaultFileLockManager] Lock acquired on daemon addresses registry.
2023-05-09T13:45:44.385+0300 [DEBUG] [org.gradle.cache.internal.DefaultFileLockManager] Releasing lock on daemon addresses registry.
2023-05-09T13:45:54.378+0300 [DEBUG] [org.gradle.cache.internal.DefaultFileLockManager] Waiting to acquire shared lock on daemon addresses registry.
2023-05-09T13:45:54.385+0300 [DEBUG] [org.gradle.cache.internal.DefaultFileLockManager] Lock acquired on daemon addresses registry.
2023-05-09T13:45:54.412+0300 [DEBUG] [org.gradle.cache.internal.DefaultFileLockManager] Releasing lock on daemon addresses registry.
2023-05-09T13:45:54.413+0300 [DEBUG] [org.gradle.cache.internal.DefaultFileLockManager] Waiting to acquire shared lock on daemon addresses registry.
2023-05-09T13:45:54.414+0300 [DEBUG] [org.gradle.cache.internal.DefaultFileLockManager] Lock acquired on daemon addresses registry.
2023-05-09T13:45:54.414+0300 [DEBUG] [org.gradle.cache.internal.DefaultFileLockManager] Releasing lock on daemon addresses registry.
2023-05-09T13:45:54.417+0300 [DEBUG] [org.gradle.cache.internal.DefaultFileLockManager] Waiting to acquire shared lock on daemon addresses registry.
2023-05-09T13:45:54.417+0300 [DEBUG] [org.gradle.cache.internal.DefaultFileLockManager] Lock acquired on daemon addresses registry.
2023-05-09T13:45:54.417+0300 [DEBUG] [org.gradle.cache.internal.DefaultFileLockManager] Releasing lock on daemon addresses registry.
2023-05-09T13:45:54.418+0300 [DEBUG] [org.gradle.launcher.daemon.server.health.LowMemoryDaemonExpirationStrategy] Nearing low memory threshold - OS memory {Total: 1812926464, Free: 661393408}
2023-05-09T13:45:54.418+0300 [DEBUG] [org.gradle.cache.internal.DefaultFileLockManager] Waiting to acquire shared lock on daemon addresses registry.
2023-05-09T13:45:54.418+0300 [DEBUG] [org.gradle.cache.internal.DefaultFileLockManager] Lock acquired on daemon addresses registry.
2023-05-09T13:45:54.419+0300 [DEBUG] [org.gradle.cache.internal.DefaultFileLockManager] Releasing lock on daemon addresses registry.
2023-05-09T13:45:54.419+0300 [DEBUG] [org.gradle.launcher.daemon.server.DaemonRegistryUpdater] Storing daemon stop event: other compatible daemons were started and after being idle for 0 minutes and not recently used
2023-05-09T13:45:54.420+0300 [DEBUG] [org.gradle.launcher.daemon.registry.PersistentDaemonRegistry] Storing daemon stop event with timestamp 1683629154421
2023-05-09T13:45:54.423+0300 [DEBUG] [org.gradle.cache.internal.DefaultFileLockManager] Waiting to acquire exclusive lock on daemon addresses registry.
2023-05-09T13:45:54.425+0300 [DEBUG] [org.gradle.cache.internal.DefaultFileLockManager] Lock acquired on daemon addresses registry.
2023-05-09T13:45:54.430+0300 [DEBUG] [org.gradle.cache.internal.DefaultFileLockManager] Releasing lock on daemon addresses registry.
2023-05-09T13:45:54.430+0300 [LIFECYCLE] [org.gradle.launcher.daemon.server.DaemonStateCoordinator] Daemon will be stopped at the end of the build other compatible daemons were started and after being idle for 0 minutes and not recently used
2023-05-09T13:45:54.431+0300 [DEBUG] [org.gradle.launcher.daemon.server.DaemonStateCoordinator] Marking daemon stopped due to other compatible daemons were started and after being idle for 0 minutes and not recently used. The daemon is running a build: false
2023-05-09T13:45:54.431+0300 [DEBUG] [org.gradle.launcher.daemon.server.DaemonStateCoordinator] daemon has stopped.
2023-05-09T13:45:54.432+0300 [DEBUG] [org.gradle.launcher.daemon.server.Daemon] stop() called on daemon
2023-05-09T13:45:54.433+0300 [INFO] [org.gradle.launcher.daemon.server.Daemon] Stop requested. Daemon is removing its presence from the registry...
2023-05-09T13:45:54.434+0300 [DEBUG] [org.gradle.launcher.daemon.server.DaemonRegistryUpdater] Removing our presence to clients, eg. removing this address from the registry: [bff0ac5a-5aca-4cb1-8359-582d0a706eb6 port:33693, addresses:[localhost/127.0.0.1]]
2023-05-09T13:45:54.434+0300 [DEBUG] [org.gradle.launcher.daemon.registry.PersistentDaemonRegistry] Removing daemon address: [bff0ac5a-5aca-4cb1-8359-582d0a706eb6 port:33693, addresses:[localhost/127.0.0.1]]
2023-05-09T13:45:54.436+0300 [DEBUG] [org.gradle.cache.internal.DefaultFileLockManager] Waiting to acquire exclusive lock on daemon addresses registry.
2023-05-09T13:45:54.437+0300 [DEBUG] [org.gradle.cache.internal.DefaultFileLockManager] Lock acquired on daemon addresses registry.
2023-05-09T13:45:54.439+0300 [DEBUG] [org.gradle.cache.internal.DefaultFileLockManager] Releasing lock on daemon addresses registry.
2023-05-09T13:45:54.439+0300 [DEBUG] [org.gradle.launcher.daemon.server.DaemonRegistryUpdater] Address removed from registry.
2023-05-09T13:45:54.468+0300 [DEBUG] [org.gradle.cache.internal.DefaultPersistentDirectoryStore] jars (/home/maxsuriva/java-project-61/app/caches/jars-9) has last been fully cleaned up 0 hours ago
2023-05-09T13:45:54.470+0300 [DEBUG] [org.gradle.cache.internal.DefaultCacheAccess] Cache jars (/home/maxsuriva/java-project-61/app/caches/jars-9) was closed 3 times.
2023-05-09T13:45:54.474+0300 [DEBUG] [org.gradle.cache.internal.DefaultPersistentDirectoryStore] Artifact transforms cache (/home/maxsuriva/java-project-61/app/caches/transforms-3) has last been fully cleaned up 0 hours ago
2023-05-09T13:45:54.475+0300 [DEBUG] [org.gradle.cache.internal.DefaultCacheAccess] Cache Artifact transforms cache (/home/maxsuriva/java-project-61/app/caches/transforms-3) was closed 0 times.
2023-05-09T13:45:54.487+0300 [DEBUG] [org.gradle.cache.internal.DefaultCacheAccess] Cache file content cache (/home/maxsuriva/java-project-61/app/caches/8.0/fileContent) was closed 2 times.
2023-05-09T13:45:54.487+0300 [DEBUG] [org.gradle.internal.watch.vfs.impl.WatchingVirtualFileSystem] Closing VFS, dropping state
2023-05-09T13:45:54.494+0300 [DEBUG] [org.gradle.internal.watch.registry.impl.DefaultFileWatcherRegistry] Finished listening to file system change events
2023-05-09T13:45:54.494+0300 [DEBUG] [org.gradle.cache.internal.DefaultCacheAccess] Cache Generated Gradle JARs cache (/home/maxsuriva/java-project-61/app/caches/8.0/generated-gradle-jars) was closed 0 times.
2023-05-09T13:45:54.495+0300 [DEBUG] [org.gradle.cache.internal.DefaultPersistentDirectoryStore] artifact cache (/home/maxsuriva/java-project-61/app/caches/modules-2) has last been fully cleaned up 0 hours ago
2023-05-09T13:45:54.498+0300 [DEBUG] [org.gradle.cache.internal.DefaultCacheAccess] Cache journal cache (/home/maxsuriva/java-project-61/app/caches/journal-1) was closed 5 times.
2023-05-09T13:45:54.500+0300 [DEBUG] [org.gradle.cache.internal.DefaultCacheAccess] Cache file hash cache (/home/maxsuriva/java-project-61/app/caches/8.0/fileHashes) was closed 5 times.
2023-05-09T13:45:54.511+0300 [DEBUG] [org.gradle.launcher.daemon.registry.PersistentDaemonRegistry] Removing daemon address: [bff0ac5a-5aca-4cb1-8359-582d0a706eb6 port:33693, addresses:[localhost/127.0.0.1]]
Daemon vm is shutting down... The daemon has exited normally or was terminated in response to a user interrupt.
2023-05-09T13:45:54.513+0300 [DEBUG] [org.gradle.cache.internal.DefaultFileLockManager] Waiting to acquire exclusive lock on daemon addresses registry.
2023-05-09T13:45:54.514+0300 [DEBUG] [org.gradle.cache.internal.DefaultFileLockManager] Lock acquired on daemon addresses registry.
2023-05-09T13:45:54.516+0300 [DEBUG] [org.gradle.cache.internal.DefaultFileLockManager] Releasing lock on daemon addresses registry.
