2023-05-11T14:17:04.890+0300 [DEBUG] [org.gradle.launcher.daemon.bootstrap.DaemonMain] Assuming the daemon was started with following jvm opts: [--add-opens=java.base/java.util=ALL-UNNAMED, --add-opens=java.base/java.lang=ALL-UNNAMED, --add-opens=java.base/java.lang.invoke=ALL-UNNAMED, --add-opens=java.prefs/java.util.prefs=ALL-UNNAMED, --add-opens=java.base/java.nio.charset=ALL-UNNAMED, --add-opens=java.base/java.net=ALL-UNNAMED, --add-opens=java.base/java.util.concurrent.atomic=ALL-UNNAMED, -XX:MaxMetaspaceSize=256m, -XX:+HeapDumpOnOutOfMemoryError, -Xms256m, -Xmx512m, -Dfile.encoding=windows-1251, -Duser.country, -Duser.language=en, -Duser.variant]
2023-05-11T14:17:05.589+0300 [INFO] [org.gradle.launcher.daemon.server.Daemon] start() called on daemon - DefaultDaemonContext[uid=9e65bd0a-a34b-44b9-9b6d-742aed316a72,javaHome=/usr/lib/jvm/java-17-openjdk-amd64,daemonRegistryDir=/home/maxsuriva/java-project-61/app/daemon,pid=25042,idleTimeout=10800000,priority=NORMAL,daemonOpts=--add-opens=java.base/java.util=ALL-UNNAMED,--add-opens=java.base/java.lang=ALL-UNNAMED,--add-opens=java.base/java.lang.invoke=ALL-UNNAMED,--add-opens=java.prefs/java.util.prefs=ALL-UNNAMED,--add-opens=java.base/java.nio.charset=ALL-UNNAMED,--add-opens=java.base/java.net=ALL-UNNAMED,--add-opens=java.base/java.util.concurrent.atomic=ALL-UNNAMED,-XX:MaxMetaspaceSize=256m,-XX:+HeapDumpOnOutOfMemoryError,-Xms256m,-Xmx512m,-Dfile.encoding=windows-1251,-Duser.country,-Duser.language=en,-Duser.variant]
2023-05-11T14:17:05.789+0300 [DEBUG] [org.gradle.internal.remote.internal.inet.InetAddresses] Adding IP addresses for network interface eth0
2023-05-11T14:17:05.789+0300 [DEBUG] [org.gradle.internal.remote.internal.inet.InetAddresses] Is this a loopback interface? false
2023-05-11T14:17:05.790+0300 [DEBUG] [org.gradle.internal.remote.internal.inet.InetAddresses] Adding remote address /fe80:0:0:0:215:5dff:fe67:43fb%eth0
2023-05-11T14:17:05.790+0300 [DEBUG] [org.gradle.internal.remote.internal.inet.InetAddresses] Adding remote address /172.27.90.93
2023-05-11T14:17:05.790+0300 [DEBUG] [org.gradle.internal.remote.internal.inet.InetAddresses] Adding IP addresses for network interface lo
2023-05-11T14:17:05.797+0300 [DEBUG] [org.gradle.internal.remote.internal.inet.InetAddresses] Is this a loopback interface? true
2023-05-11T14:17:05.797+0300 [DEBUG] [org.gradle.internal.remote.internal.inet.InetAddresses] Adding loopback address /0:0:0:0:0:0:0:1%lo
2023-05-11T14:17:05.797+0300 [DEBUG] [org.gradle.internal.remote.internal.inet.InetAddresses] Adding loopback address /127.0.0.1
2023-05-11T14:17:05.807+0300 [DEBUG] [org.gradle.internal.remote.internal.inet.TcpIncomingConnector] Listening on [fd2d6eb1-497c-4f41-9577-fc69d94d147e port:44603, addresses:[localhost/127.0.0.1]].
2023-05-11T14:17:05.849+0300 [DEBUG] [org.gradle.launcher.daemon.server.Daemon] Daemon starting at: Thu May 11 14:17:05 MSK 2023, with address: [fd2d6eb1-497c-4f41-9577-fc69d94d147e port:44603, addresses:[localhost/127.0.0.1]]
2023-05-11T14:17:05.849+0300 [INFO] [org.gradle.launcher.daemon.server.DaemonRegistryUpdater] Advertising the daemon address to the clients: [fd2d6eb1-497c-4f41-9577-fc69d94d147e port:44603, addresses:[localhost/127.0.0.1]]
2023-05-11T14:17:05.850+0300 [DEBUG] [org.gradle.launcher.daemon.server.DaemonRegistryUpdater] Advertised daemon context: DefaultDaemonContext[uid=9e65bd0a-a34b-44b9-9b6d-742aed316a72,javaHome=/usr/lib/jvm/java-17-openjdk-amd64,daemonRegistryDir=/home/maxsuriva/java-project-61/app/daemon,pid=25042,idleTimeout=10800000,priority=NORMAL,daemonOpts=--add-opens=java.base/java.util=ALL-UNNAMED,--add-opens=java.base/java.lang=ALL-UNNAMED,--add-opens=java.base/java.lang.invoke=ALL-UNNAMED,--add-opens=java.prefs/java.util.prefs=ALL-UNNAMED,--add-opens=java.base/java.nio.charset=ALL-UNNAMED,--add-opens=java.base/java.net=ALL-UNNAMED,--add-opens=java.base/java.util.concurrent.atomic=ALL-UNNAMED,-XX:MaxMetaspaceSize=256m,-XX:+HeapDumpOnOutOfMemoryError,-Xms256m,-Xmx512m,-Dfile.encoding=windows-1251,-Duser.country,-Duser.language=en,-Duser.variant]
2023-05-11T14:17:05.851+0300 [DEBUG] [org.gradle.launcher.daemon.registry.PersistentDaemonRegistry] Storing daemon address: [fd2d6eb1-497c-4f41-9577-fc69d94d147e port:44603, addresses:[localhost/127.0.0.1]], context: DefaultDaemonContext[uid=9e65bd0a-a34b-44b9-9b6d-742aed316a72,javaHome=/usr/lib/jvm/java-17-openjdk-amd64,daemonRegistryDir=/home/maxsuriva/java-project-61/app/daemon,pid=25042,idleTimeout=10800000,priority=NORMAL,daemonOpts=--add-opens=java.base/java.util=ALL-UNNAMED,--add-opens=java.base/java.lang=ALL-UNNAMED,--add-opens=java.base/java.lang.invoke=ALL-UNNAMED,--add-opens=java.prefs/java.util.prefs=ALL-UNNAMED,--add-opens=java.base/java.nio.charset=ALL-UNNAMED,--add-opens=java.base/java.net=ALL-UNNAMED,--add-opens=java.base/java.util.concurrent.atomic=ALL-UNNAMED,-XX:MaxMetaspaceSize=256m,-XX:+HeapDumpOnOutOfMemoryError,-Xms256m,-Xmx512m,-Dfile.encoding=windows-1251,-Duser.country,-Duser.language=en,-Duser.variant]
2023-05-11T14:17:06.036+0300 [DEBUG] [org.gradle.cache.internal.DefaultFileLockManager] Waiting to acquire exclusive lock on daemon addresses registry.
2023-05-11T14:17:06.050+0300 [DEBUG] [org.gradle.cache.internal.DefaultFileLockManager] Lock acquired on daemon addresses registry.
2023-05-11T14:17:06.090+0300 [DEBUG] [org.gradle.cache.internal.DefaultFileLockManager] Releasing lock on daemon addresses registry.
2023-05-11T14:17:06.097+0300 [LIFECYCLE] [org.gradle.launcher.daemon.server.Daemon] Daemon server started.
2023-05-11T14:17:06.100+0300 [DEBUG] [org.gradle.launcher.daemon.bootstrap.DaemonStartupCommunication] Completed writing the daemon greeting. Closing streams...
2023-05-11T14:17:06.117+0300 [DEBUG] [org.gradle.launcher.daemon.server.Daemon] stopOnExpiration() called on daemon
2023-05-11T14:17:06.118+0300 [DEBUG] [org.gradle.launcher.daemon.server.Daemon] awaitExpiration() called on daemon
2023-05-11T14:17:06.120+0300 [DEBUG] [org.gradle.launcher.daemon.server.DaemonStateCoordinator] daemon is running. Sleeping until state changes.
2023-05-11T14:17:06.447+0300 [DEBUG] [org.gradle.internal.remote.internal.inet.TcpIncomingConnector] Accepted connection from /127.0.0.1:35172 to /127.0.0.1:44603.
2023-05-11T14:17:06.597+0300 [DEBUG] [org.gradle.launcher.daemon.server.SynchronizedDispatchConnection] thread 21: received class org.gradle.launcher.daemon.protocol.Build
2023-05-11T14:17:06.598+0300 [DEBUG] [org.gradle.launcher.daemon.server.DefaultDaemonConnection] thread 21: Received non-IO message from client: Build{id=bea97ec3-b5a3-4610-9a5e-bd724411b477, currentDir=/home/maxsuriva/java-project-61/app}
2023-05-11T14:17:06.599+0300 [INFO] [org.gradle.launcher.daemon.server.DefaultIncomingConnectionHandler] Received command: Build{id=bea97ec3-b5a3-4610-9a5e-bd724411b477, currentDir=/home/maxsuriva/java-project-61/app}.
2023-05-11T14:17:06.600+0300 [DEBUG] [org.gradle.launcher.daemon.server.DefaultIncomingConnectionHandler] Starting executing command: Build{id=bea97ec3-b5a3-4610-9a5e-bd724411b477, currentDir=/home/maxsuriva/java-project-61/app} with connection: socket connection from /127.0.0.1:44603 to /127.0.0.1:35172.
2023-05-11T14:17:06.609+0300 [DEBUG] [org.gradle.launcher.daemon.server.DaemonStateCoordinator] Command execution: started DaemonCommandExecution[command = Build{id=bea97ec3-b5a3-4610-9a5e-bd724411b477, currentDir=/home/maxsuriva/java-project-61/app}, connection = DefaultDaemonConnection: socket connection from /127.0.0.1:44603 to /127.0.0.1:35172] after 0.0 minutes of idle
2023-05-11T14:17:06.610+0300 [INFO] [org.gradle.launcher.daemon.server.DaemonRegistryUpdater] Marking the daemon as busy, address: [fd2d6eb1-497c-4f41-9577-fc69d94d147e port:44603, addresses:[localhost/127.0.0.1]]
2023-05-11T14:17:06.610+0300 [DEBUG] [org.gradle.launcher.daemon.registry.PersistentDaemonRegistry] Marking busy by address: [fd2d6eb1-497c-4f41-9577-fc69d94d147e port:44603, addresses:[localhost/127.0.0.1]]
2023-05-11T14:17:06.617+0300 [DEBUG] [org.gradle.cache.internal.DefaultFileLockManager] Waiting to acquire exclusive lock on daemon addresses registry.
2023-05-11T14:17:06.619+0300 [DEBUG] [org.gradle.cache.internal.DefaultFileLockManager] Lock acquired on daemon addresses registry.
2023-05-11T14:17:06.637+0300 [DEBUG] [org.gradle.cache.internal.DefaultFileLockManager] Releasing lock on daemon addresses registry.
2023-05-11T14:17:06.639+0300 [DEBUG] [org.gradle.launcher.daemon.server.DaemonStateCoordinator] resetting idle timer
2023-05-11T14:17:06.639+0300 [DEBUG] [org.gradle.launcher.daemon.server.DaemonStateCoordinator] daemon is running. Sleeping until state changes.
2023-05-11T14:17:06.647+0300 [INFO] [org.gradle.launcher.daemon.server.exec.StartBuildOrRespondWithBusy] Daemon is about to start building Build{id=bea97ec3-b5a3-4610-9a5e-bd724411b477, currentDir=/home/maxsuriva/java-project-61/app}. Dispatching build started information...
2023-05-11T14:17:06.648+0300 [DEBUG] [org.gradle.launcher.daemon.server.SynchronizedDispatchConnection] thread 23: dispatching org.gradle.launcher.daemon.protocol.BuildStarted@2a06307a
2023-05-11T14:17:06.658+0300 [DEBUG] [org.gradle.launcher.daemon.server.exec.EstablishBuildEnvironment] Configuring env variables: [PATH, serverBindingPort, SHELL, WSL_INTEROP, WSL_DISTRO_NAME, HOSTTYPE, WSL2_GUI_APPS_ENABLED, TERM, OLDPWD, USER, LANG, NAME, PULSE_SERVER, DISPLAY, serverBindingHost, WAYLAND_DISPLAY, WSLENV, LOGNAME, PWD, XDG_RUNTIME_DIR, HOME]
2023-05-11T14:17:06.669+0300 [DEBUG] [org.gradle.launcher.daemon.server.SynchronizedDispatchConnection] thread 21: received class org.gradle.launcher.daemon.protocol.CloseInput
2023-05-11T14:17:06.669+0300 [DEBUG] [org.gradle.launcher.daemon.server.DefaultDaemonConnection] thread 21: Received IO message from client: org.gradle.launcher.daemon.protocol.CloseInput@6b2ac428
2023-05-11T14:17:06.670+0300 [DEBUG] [org.gradle.launcher.daemon.server.exec.LogToClient] About to start relaying all logs to the client via the connection.
2023-05-11T14:17:06.670+0300 [INFO] [org.gradle.launcher.daemon.server.exec.LogToClient] The client will now receive all logging from the daemon (pid: 25042). The daemon log file: /home/maxsuriva/java-project-61/app/daemon/8.0/daemon-25042.out.log
2023-05-11T14:17:06.696+0300 [INFO] [org.gradle.launcher.daemon.server.exec.LogAndCheckHealth] Starting build in new daemon [memory: 494.9 MiB]
2023-05-11T14:17:06.706+0300 [INFO] [org.gradle.launcher.daemon.server.exec.ForwardClientInput] Closing daemon's stdin at end of input.
2023-05-11T14:17:06.707+0300 [INFO] [org.gradle.launcher.daemon.server.exec.ForwardClientInput] The daemon will no longer process any standard input.
2023-05-11T14:17:06.719+0300 [DEBUG] [org.gradle.launcher.daemon.server.exec.ExecuteBuild] The daemon has started executing the build.
2023-05-11T14:17:06.719+0300 [DEBUG] [org.gradle.launcher.daemon.server.exec.ExecuteBuild] Executing build with daemon context: DefaultDaemonContext[uid=9e65bd0a-a34b-44b9-9b6d-742aed316a72,javaHome=/usr/lib/jvm/java-17-openjdk-amd64,daemonRegistryDir=/home/maxsuriva/java-project-61/app/daemon,pid=25042,idleTimeout=10800000,priority=NORMAL,daemonOpts=--add-opens=java.base/java.util=ALL-UNNAMED,--add-opens=java.base/java.lang=ALL-UNNAMED,--add-opens=java.base/java.lang.invoke=ALL-UNNAMED,--add-opens=java.prefs/java.util.prefs=ALL-UNNAMED,--add-opens=java.base/java.nio.charset=ALL-UNNAMED,--add-opens=java.base/java.net=ALL-UNNAMED,--add-opens=java.base/java.util.concurrent.atomic=ALL-UNNAMED,-XX:MaxMetaspaceSize=256m,-XX:+HeapDumpOnOutOfMemoryError,-Xms256m,-Xmx512m,-Dfile.encoding=windows-1251,-Duser.country,-Duser.language=en,-Duser.variant]

BUILD SUCCESSFUL in 17s
1 actionable task: 1 executed
2023-05-11T14:17:18.270+0300 [DEBUG] [org.gradle.launcher.daemon.server.exec.ExecuteBuild] The daemon has finished executing the build.
2023-05-11T14:17:18.299+0300 [DEBUG] [org.gradle.launcher.daemon.server.DaemonStateCoordinator] daemon is running. Sleeping until state changes.
2023-05-11T14:17:18.300+0300 [DEBUG] [org.gradle.launcher.daemon.server.DaemonStateCoordinator] Command execution: finished waiting for DaemonCommandExecution[command = Build{id=bea97ec3-b5a3-4610-9a5e-bd724411b477, currentDir=/home/maxsuriva/java-project-61/app}, connection = DefaultDaemonConnection: socket connection from /127.0.0.1:44603 to /127.0.0.1:35172]. Result org.gradle.launcher.daemon.server.DaemonStateCoordinator@2f287f4 with state Busy
2023-05-11T14:17:18.306+0300 [DEBUG] [org.gradle.launcher.daemon.server.DaemonStateCoordinator] Command execution: completed DaemonCommandExecution[command = Build{id=bea97ec3-b5a3-4610-9a5e-bd724411b477, currentDir=/home/maxsuriva/java-project-61/app}, connection = DefaultDaemonConnection: socket connection from /127.0.0.1:44603 to /127.0.0.1:35172]
2023-05-11T14:17:18.306+0300 [DEBUG] [org.gradle.launcher.daemon.server.DaemonStateCoordinator] resetting idle timer
2023-05-11T14:17:18.307+0300 [INFO] [org.gradle.launcher.daemon.server.DaemonRegistryUpdater] Marking the daemon as idle, address: [fd2d6eb1-497c-4f41-9577-fc69d94d147e port:44603, addresses:[localhost/127.0.0.1]]
2023-05-11T14:17:18.307+0300 [DEBUG] [org.gradle.launcher.daemon.registry.PersistentDaemonRegistry] Marking busy by address: [fd2d6eb1-497c-4f41-9577-fc69d94d147e port:44603, addresses:[localhost/127.0.0.1]]
2023-05-11T14:17:18.307+0300 [DEBUG] [org.gradle.cache.internal.DefaultFileLockManager] Waiting to acquire exclusive lock on daemon addresses registry.
2023-05-11T14:17:18.307+0300 [DEBUG] [org.gradle.cache.internal.DefaultFileLockManager] Lock acquired on daemon addresses registry.
2023-05-11T14:17:18.309+0300 [DEBUG] [org.gradle.cache.internal.DefaultFileLockManager] Releasing lock on daemon addresses registry.
2023-05-11T14:17:18.310+0300 [DEBUG] [org.gradle.launcher.daemon.server.DaemonStateCoordinator] daemon is running. Sleeping until state changes.
2023-05-11T14:17:18.310+0300 [DEBUG] [org.gradle.launcher.daemon.server.exec.ReturnResult] Daemon is dispatching the build result: Success[value=org.gradle.launcher.exec.BuildActionResult@26e8fde4]
2023-05-11T14:17:18.316+0300 [DEBUG] [org.gradle.launcher.daemon.server.SynchronizedDispatchConnection] thread 20: dispatching Success[value=org.gradle.launcher.exec.BuildActionResult@26e8fde4]
2023-05-11T14:17:18.318+0300 [DEBUG] [org.gradle.launcher.daemon.server.DefaultIncomingConnectionHandler] Finishing executing command: Build{id=bea97ec3-b5a3-4610-9a5e-bd724411b477, currentDir=/home/maxsuriva/java-project-61/app}
2023-05-11T14:17:18.757+0300 [DEBUG] [org.gradle.launcher.daemon.server.SynchronizedDispatchConnection] thread 21: received class org.gradle.launcher.daemon.protocol.Finished
2023-05-11T14:17:18.757+0300 [DEBUG] [org.gradle.launcher.daemon.server.DefaultDaemonConnection] thread 21: Received non-IO message from client: org.gradle.launcher.daemon.protocol.Finished@e1255d7
2023-05-11T14:17:18.758+0300 [DEBUG] [org.gradle.launcher.daemon.server.DefaultIncomingConnectionHandler] Received finished message: org.gradle.launcher.daemon.protocol.Finished@e1255d7
2023-05-11T14:17:18.758+0300 [DEBUG] [org.gradle.launcher.daemon.server.SynchronizedDispatchConnection] thread 20: stopping connection
2023-05-11T14:17:18.766+0300 [DEBUG] [org.gradle.internal.remote.internal.inet.SocketConnection] Discarding EOFException: java.io.EOFException
2023-05-11T14:17:18.766+0300 [DEBUG] [org.gradle.launcher.daemon.server.SynchronizedDispatchConnection] thread 21: received null
2023-05-11T14:17:18.766+0300 [DEBUG] [org.gradle.launcher.daemon.server.DefaultDaemonConnection] thread 21: Received end-of-input from client.
2023-05-11T14:17:18.768+0300 [DEBUG] [org.gradle.launcher.daemon.server.SynchronizedDispatchConnection] thread 20: stopping connection
2023-05-11T14:17:26.119+0300 [DEBUG] [org.gradle.cache.internal.DefaultFileLockManager] Waiting to acquire shared lock on daemon addresses registry.
2023-05-11T14:17:26.120+0300 [DEBUG] [org.gradle.cache.internal.DefaultFileLockManager] Lock acquired on daemon addresses registry.
2023-05-11T14:17:26.126+0300 [DEBUG] [org.gradle.cache.internal.DefaultFileLockManager] Releasing lock on daemon addresses registry.
2023-05-11T14:17:26.127+0300 [DEBUG] [org.gradle.cache.internal.DefaultFileLockManager] Waiting to acquire shared lock on daemon addresses registry.
2023-05-11T14:17:26.127+0300 [DEBUG] [org.gradle.cache.internal.DefaultFileLockManager] Lock acquired on daemon addresses registry.
2023-05-11T14:17:26.128+0300 [DEBUG] [org.gradle.cache.internal.DefaultFileLockManager] Releasing lock on daemon addresses registry.
2023-05-11T14:17:36.119+0300 [DEBUG] [org.gradle.cache.internal.DefaultFileLockManager] Waiting to acquire shared lock on daemon addresses registry.
2023-05-11T14:17:36.120+0300 [DEBUG] [org.gradle.cache.internal.DefaultFileLockManager] Lock acquired on daemon addresses registry.
2023-05-11T14:17:36.120+0300 [DEBUG] [org.gradle.cache.internal.DefaultFileLockManager] Releasing lock on daemon addresses registry.
2023-05-11T14:17:36.126+0300 [DEBUG] [org.gradle.cache.internal.DefaultFileLockManager] Waiting to acquire shared lock on daemon addresses registry.
2023-05-11T14:17:36.127+0300 [DEBUG] [org.gradle.cache.internal.DefaultFileLockManager] Lock acquired on daemon addresses registry.
2023-05-11T14:17:36.127+0300 [DEBUG] [org.gradle.cache.internal.DefaultFileLockManager] Releasing lock on daemon addresses registry.
2023-05-11T14:17:36.128+0300 [DEBUG] [org.gradle.cache.internal.DefaultFileLockManager] Waiting to acquire shared lock on daemon addresses registry.
2023-05-11T14:17:36.128+0300 [DEBUG] [org.gradle.cache.internal.DefaultFileLockManager] Lock acquired on daemon addresses registry.
2023-05-11T14:17:36.129+0300 [DEBUG] [org.gradle.cache.internal.DefaultFileLockManager] Releasing lock on daemon addresses registry.
2023-05-11T14:17:44.479+0300 [DEBUG] [org.gradle.internal.remote.internal.inet.TcpIncomingConnector] Accepted connection from /127.0.0.1:55404 to /127.0.0.1:44603.
2023-05-11T14:17:44.577+0300 [DEBUG] [org.gradle.launcher.daemon.server.SynchronizedDispatchConnection] thread 58: received class org.gradle.launcher.daemon.protocol.Build
2023-05-11T14:17:44.586+0300 [DEBUG] [org.gradle.launcher.daemon.server.DefaultDaemonConnection] thread 58: Received non-IO message from client: Build{id=1b166d5e-3398-4485-ad5d-8a32d2c2dbd2, currentDir=/home/maxsuriva/java-project-61/app}
2023-05-11T14:17:44.590+0300 [INFO] [org.gradle.launcher.daemon.server.DefaultIncomingConnectionHandler] Received command: Build{id=1b166d5e-3398-4485-ad5d-8a32d2c2dbd2, currentDir=/home/maxsuriva/java-project-61/app}.
2023-05-11T14:17:44.595+0300 [DEBUG] [org.gradle.launcher.daemon.server.DefaultIncomingConnectionHandler] Starting executing command: Build{id=1b166d5e-3398-4485-ad5d-8a32d2c2dbd2, currentDir=/home/maxsuriva/java-project-61/app} with connection: socket connection from /127.0.0.1:44603 to /127.0.0.1:55404.
2023-05-11T14:17:44.605+0300 [DEBUG] [org.gradle.launcher.daemon.server.DaemonStateCoordinator] Command execution: started DaemonCommandExecution[command = Build{id=1b166d5e-3398-4485-ad5d-8a32d2c2dbd2, currentDir=/home/maxsuriva/java-project-61/app}, connection = DefaultDaemonConnection: socket connection from /127.0.0.1:44603 to /127.0.0.1:55404] after 0.0 minutes of idle
2023-05-11T14:17:44.607+0300 [INFO] [org.gradle.launcher.daemon.server.DaemonRegistryUpdater] Marking the daemon as busy, address: [fd2d6eb1-497c-4f41-9577-fc69d94d147e port:44603, addresses:[localhost/127.0.0.1]]
2023-05-11T14:17:44.607+0300 [DEBUG] [org.gradle.launcher.daemon.registry.PersistentDaemonRegistry] Marking busy by address: [fd2d6eb1-497c-4f41-9577-fc69d94d147e port:44603, addresses:[localhost/127.0.0.1]]
2023-05-11T14:17:44.607+0300 [DEBUG] [org.gradle.cache.internal.DefaultFileLockManager] Waiting to acquire exclusive lock on daemon addresses registry.
2023-05-11T14:17:44.616+0300 [DEBUG] [org.gradle.cache.internal.DefaultFileLockManager] Lock acquired on daemon addresses registry.
2023-05-11T14:17:44.635+0300 [DEBUG] [org.gradle.cache.internal.DefaultFileLockManager] Releasing lock on daemon addresses registry.
2023-05-11T14:17:44.638+0300 [DEBUG] [org.gradle.launcher.daemon.server.DaemonStateCoordinator] resetting idle timer
2023-05-11T14:17:44.640+0300 [DEBUG] [org.gradle.launcher.daemon.server.DaemonStateCoordinator] daemon is running. Sleeping until state changes.
2023-05-11T14:17:44.645+0300 [INFO] [org.gradle.launcher.daemon.server.exec.StartBuildOrRespondWithBusy] Daemon is about to start building Build{id=1b166d5e-3398-4485-ad5d-8a32d2c2dbd2, currentDir=/home/maxsuriva/java-project-61/app}. Dispatching build started information...
2023-05-11T14:17:44.667+0300 [DEBUG] [org.gradle.launcher.daemon.server.SynchronizedDispatchConnection] thread 23: dispatching org.gradle.launcher.daemon.protocol.BuildStarted@1b83e75b
2023-05-11T14:17:44.697+0300 [DEBUG] [org.gradle.launcher.daemon.server.exec.EstablishBuildEnvironment] Configuring env variables: [PATH, serverBindingPort, SHELL, WSL_INTEROP, WSL_DISTRO_NAME, HOSTTYPE, WSL2_GUI_APPS_ENABLED, TERM, OLDPWD, USER, LANG, NAME, PULSE_SERVER, DISPLAY, serverBindingHost, WAYLAND_DISPLAY, WSLENV, LOGNAME, PWD, XDG_RUNTIME_DIR, HOME]
2023-05-11T14:17:44.698+0300 [DEBUG] [org.gradle.launcher.daemon.server.SynchronizedDispatchConnection] thread 58: received class org.gradle.launcher.daemon.protocol.CloseInput
2023-05-11T14:17:44.698+0300 [DEBUG] [org.gradle.launcher.daemon.server.DefaultDaemonConnection] thread 58: Received IO message from client: org.gradle.launcher.daemon.protocol.CloseInput@63b06c63
2023-05-11T14:17:44.726+0300 [DEBUG] [org.gradle.launcher.daemon.server.exec.LogToClient] About to start relaying all logs to the client via the connection.
2023-05-11T14:17:44.727+0300 [INFO] [org.gradle.launcher.daemon.server.exec.LogToClient] The client will now receive all logging from the daemon (pid: 25042). The daemon log file: /home/maxsuriva/java-project-61/app/daemon/8.0/daemon-25042.out.log
2023-05-11T14:17:44.789+0300 [INFO] [org.gradle.launcher.daemon.server.exec.LogAndCheckHealth] Starting 2nd build in daemon [uptime: 39.733 secs, performance: 96%, GC rate: 0.25/s, heap usage: 4% of 341.3 MiB, non-heap usage: 16% of 256 MiB]
2023-05-11T14:17:44.799+0300 [INFO] [org.gradle.launcher.daemon.server.exec.ForwardClientInput] Closing daemon's stdin at end of input.
2023-05-11T14:17:44.800+0300 [INFO] [org.gradle.launcher.daemon.server.exec.ForwardClientInput] The daemon will no longer process any standard input.
2023-05-11T14:17:44.800+0300 [DEBUG] [org.gradle.launcher.daemon.server.exec.ExecuteBuild] The daemon has started executing the build.
2023-05-11T14:17:44.806+0300 [DEBUG] [org.gradle.launcher.daemon.server.exec.ExecuteBuild] Executing build with daemon context: DefaultDaemonContext[uid=9e65bd0a-a34b-44b9-9b6d-742aed316a72,javaHome=/usr/lib/jvm/java-17-openjdk-amd64,daemonRegistryDir=/home/maxsuriva/java-project-61/app/daemon,pid=25042,idleTimeout=10800000,priority=NORMAL,daemonOpts=--add-opens=java.base/java.util=ALL-UNNAMED,--add-opens=java.base/java.lang=ALL-UNNAMED,--add-opens=java.base/java.lang.invoke=ALL-UNNAMED,--add-opens=java.prefs/java.util.prefs=ALL-UNNAMED,--add-opens=java.base/java.nio.charset=ALL-UNNAMED,--add-opens=java.base/java.net=ALL-UNNAMED,--add-opens=java.base/java.util.concurrent.atomic=ALL-UNNAMED,-XX:MaxMetaspaceSize=256m,-XX:+HeapDumpOnOutOfMemoryError,-Xms256m,-Xmx512m,-Dfile.encoding=windows-1251,-Duser.country,-Duser.language=en,-Duser.variant]

FAILURE: Build failed with an exception.

* What went wrong:
Execution failed for task ':checkstyleMain'.
> A failure occurred while executing org.gradle.api.plugins.quality.internal.CheckstyleAction
   > An unexpected error occurred configuring and executing Checkstyle.
      > Unable to create Root Module: config {/home/maxsuriva/java-project-61/app/config/checkstyle/checkstyle.xml}, classpath {null}.

* Try:
> Run with --stacktrace option to get the stack trace.
> Run with --info or --debug option to get more log output.
> Run with --scan to get full insights.

* Get more help at https://help.gradle.org

BUILD FAILED in 50s
6 actionable tasks: 6 executed
2023-05-11T14:18:31.670+0300 [DEBUG] [org.gradle.launcher.daemon.server.exec.ExecuteBuild] The daemon has finished executing the build.
2023-05-11T14:18:31.708+0300 [DEBUG] [org.gradle.launcher.daemon.server.DaemonStateCoordinator] Command execution: finished waiting for DaemonCommandExecution[command = Build{id=1b166d5e-3398-4485-ad5d-8a32d2c2dbd2, currentDir=/home/maxsuriva/java-project-61/app}, connection = DefaultDaemonConnection: socket connection from /127.0.0.1:44603 to /127.0.0.1:55404]. Result org.gradle.launcher.daemon.server.DaemonStateCoordinator@2f287f4 with state Busy
2023-05-11T14:18:31.709+0300 [DEBUG] [org.gradle.launcher.daemon.server.DaemonStateCoordinator] Command execution: completed DaemonCommandExecution[command = Build{id=1b166d5e-3398-4485-ad5d-8a32d2c2dbd2, currentDir=/home/maxsuriva/java-project-61/app}, connection = DefaultDaemonConnection: socket connection from /127.0.0.1:44603 to /127.0.0.1:55404]
2023-05-11T14:18:31.709+0300 [DEBUG] [org.gradle.launcher.daemon.server.DaemonStateCoordinator] resetting idle timer
2023-05-11T14:18:31.710+0300 [INFO] [org.gradle.launcher.daemon.server.DaemonRegistryUpdater] Marking the daemon as idle, address: [fd2d6eb1-497c-4f41-9577-fc69d94d147e port:44603, addresses:[localhost/127.0.0.1]]
2023-05-11T14:18:31.710+0300 [DEBUG] [org.gradle.launcher.daemon.registry.PersistentDaemonRegistry] Marking busy by address: [fd2d6eb1-497c-4f41-9577-fc69d94d147e port:44603, addresses:[localhost/127.0.0.1]]
2023-05-11T14:18:31.718+0300 [DEBUG] [org.gradle.cache.internal.DefaultFileLockManager] Waiting to acquire exclusive lock on daemon addresses registry.
2023-05-11T14:18:31.719+0300 [DEBUG] [org.gradle.cache.internal.DefaultFileLockManager] Lock acquired on daemon addresses registry.
2023-05-11T14:18:31.720+0300 [DEBUG] [org.gradle.cache.internal.DefaultFileLockManager] Releasing lock on daemon addresses registry.
2023-05-11T14:18:31.736+0300 [DEBUG] [org.gradle.launcher.daemon.server.exec.ReturnResult] Daemon is dispatching the build result: Success[value=org.gradle.launcher.exec.BuildActionResult@116c86e4]
2023-05-11T14:18:31.736+0300 [DEBUG] [org.gradle.launcher.daemon.server.SynchronizedDispatchConnection] thread 20: dispatching Success[value=org.gradle.launcher.exec.BuildActionResult@116c86e4]
2023-05-11T14:18:31.738+0300 [DEBUG] [org.gradle.launcher.daemon.server.DaemonStateCoordinator] daemon is running. Sleeping until state changes.
2023-05-11T14:18:33.391+0300 [DEBUG] [org.gradle.launcher.daemon.server.DefaultIncomingConnectionHandler] Finishing executing command: Build{id=1b166d5e-3398-4485-ad5d-8a32d2c2dbd2, currentDir=/home/maxsuriva/java-project-61/app}
2023-05-11T14:18:33.680+0300 [DEBUG] [org.gradle.launcher.daemon.server.SynchronizedDispatchConnection] thread 58: received class org.gradle.launcher.daemon.protocol.Finished
2023-05-11T14:18:33.681+0300 [DEBUG] [org.gradle.launcher.daemon.server.DefaultDaemonConnection] thread 58: Received non-IO message from client: org.gradle.launcher.daemon.protocol.Finished@6d778e65
2023-05-11T14:18:33.681+0300 [DEBUG] [org.gradle.launcher.daemon.server.DefaultIncomingConnectionHandler] Received finished message: org.gradle.launcher.daemon.protocol.Finished@6d778e65
2023-05-11T14:18:33.686+0300 [DEBUG] [org.gradle.launcher.daemon.server.SynchronizedDispatchConnection] thread 20: stopping connection
2023-05-11T14:18:33.687+0300 [DEBUG] [org.gradle.internal.remote.internal.inet.SocketConnection] Discarding EOFException: java.io.EOFException
2023-05-11T14:18:33.688+0300 [DEBUG] [org.gradle.launcher.daemon.server.SynchronizedDispatchConnection] thread 58: received null
2023-05-11T14:18:33.688+0300 [DEBUG] [org.gradle.launcher.daemon.server.DefaultDaemonConnection] thread 58: Received end-of-input from client.
2023-05-11T14:18:33.688+0300 [DEBUG] [org.gradle.launcher.daemon.server.SynchronizedDispatchConnection] thread 20: stopping connection
2023-05-11T14:18:36.119+0300 [DEBUG] [org.gradle.cache.internal.DefaultFileLockManager] Waiting to acquire shared lock on daemon addresses registry.
2023-05-11T14:18:36.126+0300 [DEBUG] [org.gradle.cache.internal.DefaultFileLockManager] Lock acquired on daemon addresses registry.
2023-05-11T14:18:36.127+0300 [DEBUG] [org.gradle.cache.internal.DefaultFileLockManager] Releasing lock on daemon addresses registry.
2023-05-11T14:18:36.127+0300 [DEBUG] [org.gradle.cache.internal.DefaultFileLockManager] Waiting to acquire shared lock on daemon addresses registry.
2023-05-11T14:18:36.128+0300 [DEBUG] [org.gradle.cache.internal.DefaultFileLockManager] Lock acquired on daemon addresses registry.
2023-05-11T14:18:36.128+0300 [DEBUG] [org.gradle.cache.internal.DefaultFileLockManager] Releasing lock on daemon addresses registry.
2023-05-11T14:18:46.119+0300 [DEBUG] [org.gradle.cache.internal.DefaultFileLockManager] Waiting to acquire shared lock on daemon addresses registry.
2023-05-11T14:18:46.119+0300 [DEBUG] [org.gradle.cache.internal.DefaultFileLockManager] Lock acquired on daemon addresses registry.
2023-05-11T14:18:46.120+0300 [DEBUG] [org.gradle.cache.internal.DefaultFileLockManager] Releasing lock on daemon addresses registry.
2023-05-11T14:18:46.120+0300 [DEBUG] [org.gradle.cache.internal.DefaultFileLockManager] Waiting to acquire shared lock on daemon addresses registry.
2023-05-11T14:18:46.120+0300 [DEBUG] [org.gradle.cache.internal.DefaultFileLockManager] Lock acquired on daemon addresses registry.
2023-05-11T14:18:46.120+0300 [DEBUG] [org.gradle.cache.internal.DefaultFileLockManager] Releasing lock on daemon addresses registry.
2023-05-11T14:18:46.158+0300 [DEBUG] [org.gradle.cache.internal.DefaultFileLockManager] Waiting to acquire shared lock on daemon addresses registry.
2023-05-11T14:18:46.159+0300 [DEBUG] [org.gradle.cache.internal.DefaultFileLockManager] Lock acquired on daemon addresses registry.
2023-05-11T14:18:46.160+0300 [DEBUG] [org.gradle.cache.internal.DefaultFileLockManager] Releasing lock on daemon addresses registry.
2023-05-11T14:18:46.169+0300 [DEBUG] [org.gradle.launcher.daemon.server.health.LowMemoryDaemonExpirationStrategy] Nearing low memory threshold - OS memory {Total: 1812926464, Free: 683708416}
2023-05-11T14:18:46.170+0300 [DEBUG] [org.gradle.cache.internal.DefaultFileLockManager] Waiting to acquire shared lock on daemon addresses registry.
2023-05-11T14:18:46.170+0300 [DEBUG] [org.gradle.cache.internal.DefaultFileLockManager] Lock acquired on daemon addresses registry.
2023-05-11T14:18:46.171+0300 [DEBUG] [org.gradle.cache.internal.DefaultFileLockManager] Releasing lock on daemon addresses registry.
2023-05-11T14:18:46.187+0300 [DEBUG] [org.gradle.launcher.daemon.server.DaemonRegistryUpdater] Storing daemon stop event: other compatible daemons were started and after being idle for 0 minutes and not recently used
2023-05-11T14:18:46.390+0300 [DEBUG] [org.gradle.launcher.daemon.registry.PersistentDaemonRegistry] Storing daemon stop event with timestamp 1683803926190
2023-05-11T14:18:46.445+0300 [DEBUG] [org.gradle.cache.internal.DefaultFileLockManager] Waiting to acquire exclusive lock on daemon addresses registry.
2023-05-11T14:18:46.450+0300 [DEBUG] [org.gradle.cache.internal.DefaultFileLockManager] Lock acquired on daemon addresses registry.
2023-05-11T14:18:46.466+0300 [DEBUG] [org.gradle.cache.internal.DefaultFileLockManager] Releasing lock on daemon addresses registry.
2023-05-11T14:18:46.467+0300 [LIFECYCLE] [org.gradle.launcher.daemon.server.DaemonStateCoordinator] Daemon will be stopped at the end of the build other compatible daemons were started and after being idle for 0 minutes and not recently used
2023-05-11T14:18:46.469+0300 [DEBUG] [org.gradle.launcher.daemon.server.DaemonStateCoordinator] Marking daemon stopped due to other compatible daemons were started and after being idle for 0 minutes and not recently used. The daemon is running a build: false
2023-05-11T14:18:46.479+0300 [DEBUG] [org.gradle.launcher.daemon.server.DaemonStateCoordinator] daemon has stopped.
2023-05-11T14:18:46.479+0300 [DEBUG] [org.gradle.launcher.daemon.server.Daemon] stop() called on daemon
2023-05-11T14:18:46.485+0300 [INFO] [org.gradle.launcher.daemon.server.Daemon] Stop requested. Daemon is removing its presence from the registry...
2023-05-11T14:18:46.490+0300 [DEBUG] [org.gradle.launcher.daemon.server.DaemonRegistryUpdater] Removing our presence to clients, eg. removing this address from the registry: [fd2d6eb1-497c-4f41-9577-fc69d94d147e port:44603, addresses:[localhost/127.0.0.1]]
2023-05-11T14:18:46.495+0300 [DEBUG] [org.gradle.launcher.daemon.registry.PersistentDaemonRegistry] Removing daemon address: [fd2d6eb1-497c-4f41-9577-fc69d94d147e port:44603, addresses:[localhost/127.0.0.1]]
2023-05-11T14:18:46.508+0300 [DEBUG] [org.gradle.cache.internal.DefaultFileLockManager] Waiting to acquire exclusive lock on daemon addresses registry.
2023-05-11T14:18:46.508+0300 [DEBUG] [org.gradle.cache.internal.DefaultFileLockManager] Lock acquired on daemon addresses registry.
2023-05-11T14:18:46.517+0300 [DEBUG] [org.gradle.cache.internal.DefaultFileLockManager] Releasing lock on daemon addresses registry.
2023-05-11T14:18:46.518+0300 [DEBUG] [org.gradle.launcher.daemon.server.DaemonRegistryUpdater] Address removed from registry.
2023-05-11T14:18:46.596+0300 [DEBUG] [org.gradle.cache.internal.LockOnDemandCrossProcessCacheAccess] Releasing file lock for jars (/home/maxsuriva/java-project-61/app/caches/jars-9)
2023-05-11T14:18:46.597+0300 [DEBUG] [org.gradle.cache.internal.DefaultFileLockManager] Releasing lock on jars (/home/maxsuriva/java-project-61/app/caches/jars-9).
2023-05-11T14:18:46.599+0300 [DEBUG] [org.gradle.cache.internal.DefaultPersistentDirectoryStore] jars (/home/maxsuriva/java-project-61/app/caches/jars-9) has last been fully cleaned up 48 hours ago
2023-05-11T14:18:46.787+0300 [INFO] [org.gradle.cache.internal.AbstractCacheCleanup] jars (/home/maxsuriva/java-project-61/app/caches/jars-9) cleanup deleted 0 files/directories.
2023-05-11T14:18:46.799+0300 [INFO] [org.gradle.cache.internal.LeastRecentlyUsedCacheCleanup] jars (/home/maxsuriva/java-project-61/app/caches/jars-9) removing files not accessed on or after Thu May 04 14:17:46 MSK 2023.
2023-05-11T14:18:46.949+0300 [INFO] [org.gradle.cache.internal.AbstractCacheCleanup] jars (/home/maxsuriva/java-project-61/app/caches/jars-9) cleanup deleted 0 files/directories.
2023-05-11T14:18:46.959+0300 [INFO] [org.gradle.cache.internal.DefaultPersistentDirectoryStore] jars (/home/maxsuriva/java-project-61/app/caches/jars-9) cleaned up in 0.339 secs.
2023-05-11T14:18:46.960+0300 [DEBUG] [org.gradle.cache.internal.DefaultCacheAccess] Cache jars (/home/maxsuriva/java-project-61/app/caches/jars-9) was closed 2 times.
2023-05-11T14:18:46.989+0300 [DEBUG] [org.gradle.cache.internal.DefaultPersistentDirectoryStore] Artifact transforms cache (/home/maxsuriva/java-project-61/app/caches/transforms-3) has last been fully cleaned up 48 hours ago
2023-05-11T14:18:46.990+0300 [INFO] [org.gradle.cache.internal.LeastRecentlyUsedCacheCleanup] Artifact transforms cache (/home/maxsuriva/java-project-61/app/caches/transforms-3) removing files not accessed on or after Thu May 04 14:17:46 MSK 2023.
2023-05-11T14:18:46.996+0300 [INFO] [org.gradle.cache.internal.AbstractCacheCleanup] Artifact transforms cache (/home/maxsuriva/java-project-61/app/caches/transforms-3) cleanup deleted 0 files/directories.
2023-05-11T14:18:46.996+0300 [INFO] [org.gradle.cache.internal.DefaultPersistentDirectoryStore] Artifact transforms cache (/home/maxsuriva/java-project-61/app/caches/transforms-3) cleaned up in 0.006 secs.
2023-05-11T14:18:46.996+0300 [DEBUG] [org.gradle.cache.internal.DefaultCacheAccess] Cache Artifact transforms cache (/home/maxsuriva/java-project-61/app/caches/transforms-3) was closed 0 times.
2023-05-11T14:18:47.008+0300 [DEBUG] [org.gradle.internal.watch.vfs.impl.WatchingVirtualFileSystem] Closing VFS, dropping state
2023-05-11T14:18:47.140+0300 [DEBUG] [org.gradle.cache.internal.DefaultCacheAccess] Cache Generated Gradle JARs cache (/home/maxsuriva/java-project-61/app/caches/8.0/generated-gradle-jars) was closed 0 times.
2023-05-11T14:18:47.146+0300 [DEBUG] [org.gradle.internal.watch.registry.impl.DefaultFileWatcherRegistry] Finished listening to file system change events
2023-05-11T14:18:47.148+0300 [DEBUG] [org.gradle.cache.internal.LockOnDemandCrossProcessCacheAccess] Releasing file lock for artifact cache (/home/maxsuriva/java-project-61/app/caches/modules-2)
2023-05-11T14:18:47.149+0300 [DEBUG] [org.gradle.cache.internal.DefaultFileLockManager] Releasing lock on artifact cache (/home/maxsuriva/java-project-61/app/caches/modules-2).
2023-05-11T14:18:47.150+0300 [DEBUG] [org.gradle.cache.internal.DefaultPersistentDirectoryStore] artifact cache (/home/maxsuriva/java-project-61/app/caches/modules-2) has last been fully cleaned up 48 hours ago
2023-05-11T14:18:47.160+0300 [INFO] [org.gradle.cache.internal.AbstractCacheCleanup] artifact cache (/home/maxsuriva/java-project-61/app/caches/modules-2) cleanup deleted 0 files/directories.
2023-05-11T14:18:47.190+0300 [INFO] [org.gradle.cache.internal.AbstractCacheCleanup] artifact cache (/home/maxsuriva/java-project-61/app/caches/modules-2) [subdir: /home/maxsuriva/java-project-61/app/caches/modules-2/resources-2.1] cleanup deleted 0 files/directories.
2023-05-11T14:18:47.190+0300 [INFO] [org.gradle.cache.internal.LeastRecentlyUsedCacheCleanup] artifact cache (/home/maxsuriva/java-project-61/app/caches/modules-2) [subdir: /home/maxsuriva/java-project-61/app/caches/modules-2/resources-2.1] removing files not accessed on or after Tue Apr 11 14:17:46 MSK 2023.
2023-05-11T14:18:47.195+0300 [INFO] [org.gradle.cache.internal.AbstractCacheCleanup] artifact cache (/home/maxsuriva/java-project-61/app/caches/modules-2) [subdir: /home/maxsuriva/java-project-61/app/caches/modules-2/resources-2.1] cleanup deleted 0 files/directories.
2023-05-11T14:18:47.207+0300 [INFO] [org.gradle.cache.internal.AbstractCacheCleanup] artifact cache (/home/maxsuriva/java-project-61/app/caches/modules-2) [subdir: /home/maxsuriva/java-project-61/app/caches/modules-2/files-2.1] cleanup deleted 0 files/directories.
2023-05-11T14:18:47.208+0300 [INFO] [org.gradle.cache.internal.LeastRecentlyUsedCacheCleanup] artifact cache (/home/maxsuriva/java-project-61/app/caches/modules-2) [subdir: /home/maxsuriva/java-project-61/app/caches/modules-2/files-2.1] removing files not accessed on or after Tue Apr 11 14:17:46 MSK 2023.
2023-05-11T14:18:47.317+0300 [INFO] [org.gradle.cache.internal.AbstractCacheCleanup] artifact cache (/home/maxsuriva/java-project-61/app/caches/modules-2) [subdir: /home/maxsuriva/java-project-61/app/caches/modules-2/files-2.1] cleanup deleted 0 files/directories.
2023-05-11T14:18:47.319+0300 [INFO] [org.gradle.cache.internal.AbstractCacheCleanup] artifact cache (/home/maxsuriva/java-project-61/app/caches/modules-2) [subdir: /home/maxsuriva/java-project-61/app/caches/modules-2/metadata-2.100] cleanup deleted 0 files/directories.
2023-05-11T14:18:47.330+0300 [INFO] [org.gradle.cache.internal.DefaultPersistentDirectoryStore] artifact cache (/home/maxsuriva/java-project-61/app/caches/modules-2) cleaned up in 0.174 secs.
2023-05-11T14:18:47.336+0300 [DEBUG] [org.gradle.cache.internal.DefaultCacheAccess] Cache artifact cache (/home/maxsuriva/java-project-61/app/caches/modules-2) was closed 2 times.
2023-05-11T14:18:47.338+0300 [DEBUG] [org.gradle.cache.internal.LockOnDemandCrossProcessCacheAccess] Releasing file lock for journal cache (/home/maxsuriva/java-project-61/app/caches/journal-1)
2023-05-11T14:18:47.349+0300 [DEBUG] [org.gradle.cache.internal.btree.BTreePersistentIndexedCache] Closing cache file-access.bin (/home/maxsuriva/java-project-61/app/caches/journal-1/file-access.bin)
2023-05-11T14:18:47.356+0300 [DEBUG] [org.gradle.cache.internal.DefaultFileLockManager] Releasing lock on journal cache (/home/maxsuriva/java-project-61/app/caches/journal-1).
2023-05-11T14:18:47.358+0300 [DEBUG] [org.gradle.cache.internal.DefaultCacheAccess] Cache journal cache (/home/maxsuriva/java-project-61/app/caches/journal-1) was closed 2 times.
2023-05-11T14:18:47.370+0300 [DEBUG] [org.gradle.cache.internal.LockOnDemandCrossProcessCacheAccess] Releasing file lock for file hash cache (/home/maxsuriva/java-project-61/app/caches/8.0/fileHashes)
2023-05-11T14:18:47.377+0300 [DEBUG] [org.gradle.cache.internal.btree.BTreePersistentIndexedCache] Closing cache fileHashes.bin (/home/maxsuriva/java-project-61/app/caches/8.0/fileHashes/fileHashes.bin)
2023-05-11T14:18:47.377+0300 [DEBUG] [org.gradle.cache.internal.DefaultFileLockManager] Releasing lock on file hash cache (/home/maxsuriva/java-project-61/app/caches/8.0/fileHashes).
2023-05-11T14:18:47.378+0300 [DEBUG] [org.gradle.cache.internal.DefaultCacheAccess] Cache file hash cache (/home/maxsuriva/java-project-61/app/caches/8.0/fileHashes) was closed 2 times.
2023-05-11T14:18:47.397+0300 [DEBUG] [org.gradle.cache.internal.LockOnDemandCrossProcessCacheAccess] Releasing file lock for Java compile cache (/home/maxsuriva/java-project-61/app/caches/8.0/javaCompile)
2023-05-11T14:18:47.398+0300 [DEBUG] [org.gradle.cache.internal.btree.BTreePersistentIndexedCache] Closing cache classAnalysis.bin (/home/maxsuriva/java-project-61/app/caches/8.0/javaCompile/classAnalysis.bin)
2023-05-11T14:18:47.399+0300 [DEBUG] [org.gradle.cache.internal.DefaultFileLockManager] Releasing lock on Java compile cache (/home/maxsuriva/java-project-61/app/caches/8.0/javaCompile).
2023-05-11T14:18:47.487+0300 [DEBUG] [org.gradle.cache.internal.VersionSpecificCacheCleanupAction] Processed version-specific caches at /home/maxsuriva/java-project-61/app/caches for cleanup in 0.029 secs
Daemon vm is shutting down... The daemon has exited normally or was terminated in response to a user interrupt.
2023-05-11T14:18:47.966+0300 [DEBUG] [org.gradle.launcher.daemon.registry.PersistentDaemonRegistry] Removing daemon address: [fd2d6eb1-497c-4f41-9577-fc69d94d147e port:44603, addresses:[localhost/127.0.0.1]]
2023-05-11T14:18:47.969+0300 [DEBUG] [org.gradle.cache.internal.DefaultFileLockManager] Waiting to acquire exclusive lock on daemon addresses registry.
2023-05-11T14:18:47.976+0300 [DEBUG] [org.gradle.cache.internal.DefaultFileLockManager] Lock acquired on daemon addresses registry.
2023-05-11T14:18:47.986+0300 [DEBUG] [org.gradle.cache.internal.DefaultFileLockManager] Releasing lock on daemon addresses registry.
