2023-05-09T13:45:27.548+0300 [DEBUG] [org.gradle.launcher.daemon.bootstrap.DaemonMain] Assuming the daemon was started with following jvm opts: [--add-opens=java.base/java.util=ALL-UNNAMED, --add-opens=java.base/java.lang=ALL-UNNAMED, --add-opens=java.base/java.lang.invoke=ALL-UNNAMED, --add-opens=java.prefs/java.util.prefs=ALL-UNNAMED, --add-opens=java.base/java.nio.charset=ALL-UNNAMED, --add-opens=java.base/java.net=ALL-UNNAMED, --add-opens=java.base/java.util.concurrent.atomic=ALL-UNNAMED, -XX:MaxMetaspaceSize=256m, -XX:+HeapDumpOnOutOfMemoryError, -Xms256m, -Xmx512m, -Dfile.encoding=windows-1251, -Duser.country, -Duser.language=en, -Duser.variant]
2023-05-09T13:45:27.971+0300 [INFO] [org.gradle.launcher.daemon.server.Daemon] start() called on daemon - DefaultDaemonContext[uid=bdc12307-b447-4dfa-a021-6576e29282c9,javaHome=/usr/lib/jvm/java-17-openjdk-amd64,daemonRegistryDir=/home/maxsuriva/java-project-61/app/daemon,pid=5931,idleTimeout=10800000,priority=NORMAL,daemonOpts=--add-opens=java.base/java.util=ALL-UNNAMED,--add-opens=java.base/java.lang=ALL-UNNAMED,--add-opens=java.base/java.lang.invoke=ALL-UNNAMED,--add-opens=java.prefs/java.util.prefs=ALL-UNNAMED,--add-opens=java.base/java.nio.charset=ALL-UNNAMED,--add-opens=java.base/java.net=ALL-UNNAMED,--add-opens=java.base/java.util.concurrent.atomic=ALL-UNNAMED,-XX:MaxMetaspaceSize=256m,-XX:+HeapDumpOnOutOfMemoryError,-Xms256m,-Xmx512m,-Dfile.encoding=windows-1251,-Duser.country,-Duser.language=en,-Duser.variant]
2023-05-09T13:45:28.068+0300 [DEBUG] [org.gradle.internal.remote.internal.inet.InetAddresses] Adding IP addresses for network interface eth0
2023-05-09T13:45:28.069+0300 [DEBUG] [org.gradle.internal.remote.internal.inet.InetAddresses] Is this a loopback interface? false
2023-05-09T13:45:28.070+0300 [DEBUG] [org.gradle.internal.remote.internal.inet.InetAddresses] Adding remote address /fe80:0:0:0:215:5dff:fe67:43fb%eth0
2023-05-09T13:45:28.071+0300 [DEBUG] [org.gradle.internal.remote.internal.inet.InetAddresses] Adding remote address /172.27.90.93
2023-05-09T13:45:28.072+0300 [DEBUG] [org.gradle.internal.remote.internal.inet.InetAddresses] Adding IP addresses for network interface lo
2023-05-09T13:45:28.074+0300 [DEBUG] [org.gradle.internal.remote.internal.inet.InetAddresses] Is this a loopback interface? true
2023-05-09T13:45:28.075+0300 [DEBUG] [org.gradle.internal.remote.internal.inet.InetAddresses] Adding loopback address /0:0:0:0:0:0:0:1%lo
2023-05-09T13:45:28.075+0300 [DEBUG] [org.gradle.internal.remote.internal.inet.InetAddresses] Adding loopback address /127.0.0.1
2023-05-09T13:45:28.080+0300 [DEBUG] [org.gradle.internal.remote.internal.inet.TcpIncomingConnector] Listening on [664b12db-ab7b-4f20-b772-29666b05f54c port:45327, addresses:[localhost/127.0.0.1]].
2023-05-09T13:45:28.099+0300 [DEBUG] [org.gradle.launcher.daemon.server.Daemon] Daemon starting at: Tue May 09 13:45:28 MSK 2023, with address: [664b12db-ab7b-4f20-b772-29666b05f54c port:45327, addresses:[localhost/127.0.0.1]]
2023-05-09T13:45:28.099+0300 [INFO] [org.gradle.launcher.daemon.server.DaemonRegistryUpdater] Advertising the daemon address to the clients: [664b12db-ab7b-4f20-b772-29666b05f54c port:45327, addresses:[localhost/127.0.0.1]]
2023-05-09T13:45:28.103+0300 [DEBUG] [org.gradle.launcher.daemon.server.DaemonRegistryUpdater] Advertised daemon context: DefaultDaemonContext[uid=bdc12307-b447-4dfa-a021-6576e29282c9,javaHome=/usr/lib/jvm/java-17-openjdk-amd64,daemonRegistryDir=/home/maxsuriva/java-project-61/app/daemon,pid=5931,idleTimeout=10800000,priority=NORMAL,daemonOpts=--add-opens=java.base/java.util=ALL-UNNAMED,--add-opens=java.base/java.lang=ALL-UNNAMED,--add-opens=java.base/java.lang.invoke=ALL-UNNAMED,--add-opens=java.prefs/java.util.prefs=ALL-UNNAMED,--add-opens=java.base/java.nio.charset=ALL-UNNAMED,--add-opens=java.base/java.net=ALL-UNNAMED,--add-opens=java.base/java.util.concurrent.atomic=ALL-UNNAMED,-XX:MaxMetaspaceSize=256m,-XX:+HeapDumpOnOutOfMemoryError,-Xms256m,-Xmx512m,-Dfile.encoding=windows-1251,-Duser.country,-Duser.language=en,-Duser.variant]
2023-05-09T13:45:28.106+0300 [DEBUG] [org.gradle.launcher.daemon.registry.PersistentDaemonRegistry] Storing daemon address: [664b12db-ab7b-4f20-b772-29666b05f54c port:45327, addresses:[localhost/127.0.0.1]], context: DefaultDaemonContext[uid=bdc12307-b447-4dfa-a021-6576e29282c9,javaHome=/usr/lib/jvm/java-17-openjdk-amd64,daemonRegistryDir=/home/maxsuriva/java-project-61/app/daemon,pid=5931,idleTimeout=10800000,priority=NORMAL,daemonOpts=--add-opens=java.base/java.util=ALL-UNNAMED,--add-opens=java.base/java.lang=ALL-UNNAMED,--add-opens=java.base/java.lang.invoke=ALL-UNNAMED,--add-opens=java.prefs/java.util.prefs=ALL-UNNAMED,--add-opens=java.base/java.nio.charset=ALL-UNNAMED,--add-opens=java.base/java.net=ALL-UNNAMED,--add-opens=java.base/java.util.concurrent.atomic=ALL-UNNAMED,-XX:MaxMetaspaceSize=256m,-XX:+HeapDumpOnOutOfMemoryError,-Xms256m,-Xmx512m,-Dfile.encoding=windows-1251,-Duser.country,-Duser.language=en,-Duser.variant]
2023-05-09T13:45:28.319+0300 [DEBUG] [org.gradle.cache.internal.DefaultFileLockManager] Waiting to acquire exclusive lock on daemon addresses registry.
2023-05-09T13:45:28.329+0300 [DEBUG] [org.gradle.cache.internal.DefaultFileLockManager] Lock acquired on daemon addresses registry.
2023-05-09T13:45:28.352+0300 [DEBUG] [org.gradle.cache.internal.DefaultFileLockManager] Releasing lock on daemon addresses registry.
2023-05-09T13:45:28.353+0300 [LIFECYCLE] [org.gradle.launcher.daemon.server.Daemon] Daemon server started.
2023-05-09T13:45:28.363+0300 [DEBUG] [org.gradle.launcher.daemon.bootstrap.DaemonStartupCommunication] Completed writing the daemon greeting. Closing streams...
2023-05-09T13:45:28.388+0300 [DEBUG] [org.gradle.launcher.daemon.server.Daemon] stopOnExpiration() called on daemon
2023-05-09T13:45:28.402+0300 [DEBUG] [org.gradle.launcher.daemon.server.Daemon] awaitExpiration() called on daemon
2023-05-09T13:45:28.412+0300 [DEBUG] [org.gradle.launcher.daemon.server.DaemonStateCoordinator] daemon is running. Sleeping until state changes.
2023-05-09T13:45:28.532+0300 [DEBUG] [org.gradle.internal.remote.internal.inet.TcpIncomingConnector] Accepted connection from /127.0.0.1:58774 to /127.0.0.1:45327.
2023-05-09T13:45:28.621+0300 [DEBUG] [org.gradle.launcher.daemon.server.SynchronizedDispatchConnection] thread 21: received class org.gradle.launcher.daemon.protocol.Build
2023-05-09T13:45:28.622+0300 [DEBUG] [org.gradle.launcher.daemon.server.DefaultDaemonConnection] thread 21: Received non-IO message from client: Build{id=1662adb5-f7fe-46a3-9917-08cbccba32c1, currentDir=/home/maxsuriva/java-project-61/app}
2023-05-09T13:45:28.623+0300 [INFO] [org.gradle.launcher.daemon.server.DefaultIncomingConnectionHandler] Received command: Build{id=1662adb5-f7fe-46a3-9917-08cbccba32c1, currentDir=/home/maxsuriva/java-project-61/app}.
2023-05-09T13:45:28.623+0300 [DEBUG] [org.gradle.launcher.daemon.server.DefaultIncomingConnectionHandler] Starting executing command: Build{id=1662adb5-f7fe-46a3-9917-08cbccba32c1, currentDir=/home/maxsuriva/java-project-61/app} with connection: socket connection from /127.0.0.1:45327 to /127.0.0.1:58774.
2023-05-09T13:45:28.627+0300 [DEBUG] [org.gradle.launcher.daemon.server.DaemonStateCoordinator] Command execution: started DaemonCommandExecution[command = Build{id=1662adb5-f7fe-46a3-9917-08cbccba32c1, currentDir=/home/maxsuriva/java-project-61/app}, connection = DefaultDaemonConnection: socket connection from /127.0.0.1:45327 to /127.0.0.1:58774] after 0.0 minutes of idle
2023-05-09T13:45:28.628+0300 [INFO] [org.gradle.launcher.daemon.server.DaemonRegistryUpdater] Marking the daemon as busy, address: [664b12db-ab7b-4f20-b772-29666b05f54c port:45327, addresses:[localhost/127.0.0.1]]
2023-05-09T13:45:28.628+0300 [DEBUG] [org.gradle.launcher.daemon.registry.PersistentDaemonRegistry] Marking busy by address: [664b12db-ab7b-4f20-b772-29666b05f54c port:45327, addresses:[localhost/127.0.0.1]]
2023-05-09T13:45:28.629+0300 [DEBUG] [org.gradle.cache.internal.DefaultFileLockManager] Waiting to acquire exclusive lock on daemon addresses registry.
2023-05-09T13:45:28.630+0300 [DEBUG] [org.gradle.cache.internal.DefaultFileLockManager] Lock acquired on daemon addresses registry.
2023-05-09T13:45:28.632+0300 [DEBUG] [org.gradle.cache.internal.DefaultFileLockManager] Releasing lock on daemon addresses registry.
2023-05-09T13:45:28.633+0300 [DEBUG] [org.gradle.launcher.daemon.server.DaemonStateCoordinator] resetting idle timer
2023-05-09T13:45:28.634+0300 [DEBUG] [org.gradle.launcher.daemon.server.DaemonStateCoordinator] daemon is running. Sleeping until state changes.
2023-05-09T13:45:28.638+0300 [INFO] [org.gradle.launcher.daemon.server.exec.StartBuildOrRespondWithBusy] Daemon is about to start building Build{id=1662adb5-f7fe-46a3-9917-08cbccba32c1, currentDir=/home/maxsuriva/java-project-61/app}. Dispatching build started information...
2023-05-09T13:45:28.639+0300 [DEBUG] [org.gradle.launcher.daemon.server.SynchronizedDispatchConnection] thread 23: dispatching org.gradle.launcher.daemon.protocol.BuildStarted@6bf24f0e
2023-05-09T13:45:28.641+0300 [DEBUG] [org.gradle.launcher.daemon.server.exec.EstablishBuildEnvironment] Configuring env variables: [PATH, serverBindingPort, SHELL, WSL_INTEROP, WSL_DISTRO_NAME, HOSTTYPE, WSL2_GUI_APPS_ENABLED, TERM, OLDPWD, USER, LANG, NAME, PULSE_SERVER, DISPLAY, serverBindingHost, WAYLAND_DISPLAY, WSLENV, LOGNAME, PWD, XDG_RUNTIME_DIR, HOME]
2023-05-09T13:45:28.650+0300 [DEBUG] [org.gradle.launcher.daemon.server.exec.LogToClient] About to start relaying all logs to the client via the connection.
2023-05-09T13:45:28.651+0300 [INFO] [org.gradle.launcher.daemon.server.exec.LogToClient] The client will now receive all logging from the daemon (pid: 5931). The daemon log file: /home/maxsuriva/java-project-61/app/daemon/8.0/daemon-5931.out.log
2023-05-09T13:45:28.655+0300 [INFO] [org.gradle.launcher.daemon.server.exec.LogAndCheckHealth] Starting build in new daemon [memory: 494.9 MiB]
2023-05-09T13:45:28.671+0300 [DEBUG] [org.gradle.launcher.daemon.server.SynchronizedDispatchConnection] thread 21: received class org.gradle.launcher.daemon.protocol.CloseInput
2023-05-09T13:45:28.672+0300 [DEBUG] [org.gradle.launcher.daemon.server.DefaultDaemonConnection] thread 21: Received IO message from client: org.gradle.launcher.daemon.protocol.CloseInput@5a6df7ac
2023-05-09T13:45:28.678+0300 [INFO] [org.gradle.launcher.daemon.server.exec.ForwardClientInput] Closing daemon's stdin at end of input.
2023-05-09T13:45:28.678+0300 [INFO] [org.gradle.launcher.daemon.server.exec.ForwardClientInput] The daemon will no longer process any standard input.
2023-05-09T13:45:28.680+0300 [DEBUG] [org.gradle.launcher.daemon.server.exec.ExecuteBuild] The daemon has started executing the build.
2023-05-09T13:45:28.680+0300 [DEBUG] [org.gradle.launcher.daemon.server.exec.ExecuteBuild] Executing build with daemon context: DefaultDaemonContext[uid=bdc12307-b447-4dfa-a021-6576e29282c9,javaHome=/usr/lib/jvm/java-17-openjdk-amd64,daemonRegistryDir=/home/maxsuriva/java-project-61/app/daemon,pid=5931,idleTimeout=10800000,priority=NORMAL,daemonOpts=--add-opens=java.base/java.util=ALL-UNNAMED,--add-opens=java.base/java.lang=ALL-UNNAMED,--add-opens=java.base/java.lang.invoke=ALL-UNNAMED,--add-opens=java.prefs/java.util.prefs=ALL-UNNAMED,--add-opens=java.base/java.nio.charset=ALL-UNNAMED,--add-opens=java.base/java.net=ALL-UNNAMED,--add-opens=java.base/java.util.concurrent.atomic=ALL-UNNAMED,-XX:MaxMetaspaceSize=256m,-XX:+HeapDumpOnOutOfMemoryError,-Xms256m,-Xmx512m,-Dfile.encoding=windows-1251,-Duser.country,-Duser.language=en,-Duser.variant]

BUILD SUCCESSFUL in 12s
1 actionable task: 1 executed
2023-05-09T13:45:36.959+0300 [DEBUG] [org.gradle.launcher.daemon.server.exec.ExecuteBuild] The daemon has finished executing the build.
2023-05-09T13:45:36.978+0300 [DEBUG] [org.gradle.launcher.daemon.server.DaemonStateCoordinator] daemon is running. Sleeping until state changes.
2023-05-09T13:45:36.980+0300 [DEBUG] [org.gradle.launcher.daemon.server.DaemonStateCoordinator] Command execution: finished waiting for DaemonCommandExecution[command = Build{id=1662adb5-f7fe-46a3-9917-08cbccba32c1, currentDir=/home/maxsuriva/java-project-61/app}, connection = DefaultDaemonConnection: socket connection from /127.0.0.1:45327 to /127.0.0.1:58774]. Result org.gradle.launcher.daemon.server.DaemonStateCoordinator@3ea1aeb8 with state Busy
2023-05-09T13:45:36.980+0300 [DEBUG] [org.gradle.launcher.daemon.server.DaemonStateCoordinator] Command execution: completed DaemonCommandExecution[command = Build{id=1662adb5-f7fe-46a3-9917-08cbccba32c1, currentDir=/home/maxsuriva/java-project-61/app}, connection = DefaultDaemonConnection: socket connection from /127.0.0.1:45327 to /127.0.0.1:58774]
2023-05-09T13:45:36.980+0300 [DEBUG] [org.gradle.launcher.daemon.server.DaemonStateCoordinator] resetting idle timer
2023-05-09T13:45:36.981+0300 [INFO] [org.gradle.launcher.daemon.server.DaemonRegistryUpdater] Marking the daemon as idle, address: [664b12db-ab7b-4f20-b772-29666b05f54c port:45327, addresses:[localhost/127.0.0.1]]
2023-05-09T13:45:36.982+0300 [DEBUG] [org.gradle.launcher.daemon.registry.PersistentDaemonRegistry] Marking busy by address: [664b12db-ab7b-4f20-b772-29666b05f54c port:45327, addresses:[localhost/127.0.0.1]]
2023-05-09T13:45:36.983+0300 [DEBUG] [org.gradle.cache.internal.DefaultFileLockManager] Waiting to acquire exclusive lock on daemon addresses registry.
2023-05-09T13:45:36.983+0300 [DEBUG] [org.gradle.cache.internal.DefaultFileLockManager] Lock acquired on daemon addresses registry.
2023-05-09T13:45:36.986+0300 [DEBUG] [org.gradle.cache.internal.DefaultFileLockManager] Releasing lock on daemon addresses registry.
2023-05-09T13:45:36.987+0300 [DEBUG] [org.gradle.launcher.daemon.server.DaemonStateCoordinator] daemon is running. Sleeping until state changes.
2023-05-09T13:45:36.987+0300 [DEBUG] [org.gradle.launcher.daemon.server.exec.ReturnResult] Daemon is dispatching the build result: Success[value=org.gradle.launcher.exec.BuildActionResult@5650461a]
2023-05-09T13:45:36.988+0300 [DEBUG] [org.gradle.launcher.daemon.server.SynchronizedDispatchConnection] thread 20: dispatching Success[value=org.gradle.launcher.exec.BuildActionResult@5650461a]
2023-05-09T13:45:36.990+0300 [DEBUG] [org.gradle.launcher.daemon.server.DefaultIncomingConnectionHandler] Finishing executing command: Build{id=1662adb5-f7fe-46a3-9917-08cbccba32c1, currentDir=/home/maxsuriva/java-project-61/app}
2023-05-09T13:45:37.496+0300 [DEBUG] [org.gradle.launcher.daemon.server.SynchronizedDispatchConnection] thread 21: received class org.gradle.launcher.daemon.protocol.Finished
2023-05-09T13:45:37.497+0300 [DEBUG] [org.gradle.launcher.daemon.server.DefaultDaemonConnection] thread 21: Received non-IO message from client: org.gradle.launcher.daemon.protocol.Finished@552450c
2023-05-09T13:45:37.498+0300 [DEBUG] [org.gradle.launcher.daemon.server.DefaultIncomingConnectionHandler] Received finished message: org.gradle.launcher.daemon.protocol.Finished@552450c
2023-05-09T13:45:37.499+0300 [DEBUG] [org.gradle.launcher.daemon.server.SynchronizedDispatchConnection] thread 20: stopping connection
2023-05-09T13:45:37.503+0300 [DEBUG] [org.gradle.internal.remote.internal.inet.SocketConnection] Discarding EOFException: java.io.EOFException
2023-05-09T13:45:37.503+0300 [DEBUG] [org.gradle.launcher.daemon.server.SynchronizedDispatchConnection] thread 21: received null
2023-05-09T13:45:37.503+0300 [DEBUG] [org.gradle.launcher.daemon.server.DefaultDaemonConnection] thread 21: Received end-of-input from client.
2023-05-09T13:45:37.507+0300 [DEBUG] [org.gradle.launcher.daemon.server.SynchronizedDispatchConnection] thread 20: stopping connection
2023-05-09T13:45:37.829+0300 [DEBUG] [org.gradle.cache.internal.LockOnDemandCrossProcessCacheAccess] Lock on artifact cache (/home/maxsuriva/java-project-61/app/caches/modules-2) requested by another process - releasing lock.
2023-05-09T13:45:37.830+0300 [DEBUG] [org.gradle.cache.internal.LockOnDemandCrossProcessCacheAccess] Releasing file lock for artifact cache (/home/maxsuriva/java-project-61/app/caches/modules-2)
2023-05-09T13:45:37.830+0300 [DEBUG] [org.gradle.cache.internal.DefaultFileLockManager] Releasing lock on artifact cache (/home/maxsuriva/java-project-61/app/caches/modules-2).
2023-05-09T13:45:37.831+0300 [DEBUG] [org.gradle.cache.internal.locklistener.FileLockCommunicator] Confirming lock release to Gradle process at port 52413 for lock with id -2021329868103543133.
2023-05-09T13:45:37.831+0300 [DEBUG] [org.gradle.cache.internal.locklistener.FileLockCommunicator] Confirming lock release to Gradle process at port 52413 for lock with id -2021329868103543133.
2023-05-09T13:45:38.396+0300 [DEBUG] [org.gradle.cache.internal.DefaultFileLockManager] Waiting to acquire shared lock on daemon addresses registry.
2023-05-09T13:45:38.397+0300 [DEBUG] [org.gradle.cache.internal.DefaultFileLockManager] Lock acquired on daemon addresses registry.
2023-05-09T13:45:38.398+0300 [DEBUG] [org.gradle.cache.internal.DefaultFileLockManager] Releasing lock on daemon addresses registry.
2023-05-09T13:45:38.399+0300 [DEBUG] [org.gradle.cache.internal.DefaultFileLockManager] Waiting to acquire shared lock on daemon addresses registry.
2023-05-09T13:45:38.400+0300 [DEBUG] [org.gradle.cache.internal.DefaultFileLockManager] Lock acquired on daemon addresses registry.
2023-05-09T13:45:38.400+0300 [DEBUG] [org.gradle.cache.internal.DefaultFileLockManager] Releasing lock on daemon addresses registry.
2023-05-09T13:45:39.848+0300 [DEBUG] [org.gradle.process.internal.health.memory.DefaultMemoryManager] 402653184 memory requested, 224878592 free
2023-05-09T13:45:39.849+0300 [DEBUG] [org.gradle.workers.internal.WorkerDaemonExpiration] Will attempt to release 384 of memory
2023-05-09T13:45:39.857+0300 [DEBUG] [org.gradle.process.internal.health.memory.DefaultMemoryManager] 402653184 memory requested, 0 released, 224878592 free
2023-05-09T13:45:48.466+0300 [DEBUG] [org.gradle.cache.internal.DefaultFileLockManager] Waiting to acquire shared lock on daemon addresses registry.
2023-05-09T13:45:48.536+0300 [DEBUG] [org.gradle.cache.internal.DefaultFileLockManager] Lock acquired on daemon addresses registry.
2023-05-09T13:45:48.538+0300 [DEBUG] [org.gradle.cache.internal.DefaultFileLockManager] Releasing lock on daemon addresses registry.
2023-05-09T13:45:48.542+0300 [DEBUG] [org.gradle.cache.internal.DefaultFileLockManager] Waiting to acquire shared lock on daemon addresses registry.
2023-05-09T13:45:48.543+0300 [DEBUG] [org.gradle.cache.internal.DefaultFileLockManager] Lock acquired on daemon addresses registry.
2023-05-09T13:45:48.543+0300 [DEBUG] [org.gradle.cache.internal.DefaultFileLockManager] Releasing lock on daemon addresses registry.
2023-05-09T13:45:48.551+0300 [DEBUG] [org.gradle.cache.internal.DefaultFileLockManager] Waiting to acquire shared lock on daemon addresses registry.
2023-05-09T13:45:48.551+0300 [DEBUG] [org.gradle.cache.internal.DefaultFileLockManager] Lock acquired on daemon addresses registry.
2023-05-09T13:45:48.552+0300 [DEBUG] [org.gradle.cache.internal.DefaultFileLockManager] Releasing lock on daemon addresses registry.
2023-05-09T13:45:48.552+0300 [DEBUG] [org.gradle.launcher.daemon.server.health.LowMemoryDaemonExpirationStrategy] Nearing low memory threshold - OS memory {Total: 1812926464, Free: 414031872}
2023-05-09T13:45:48.553+0300 [DEBUG] [org.gradle.cache.internal.DefaultFileLockManager] Waiting to acquire shared lock on daemon addresses registry.
2023-05-09T13:45:48.553+0300 [DEBUG] [org.gradle.cache.internal.DefaultFileLockManager] Lock acquired on daemon addresses registry.
2023-05-09T13:45:48.553+0300 [DEBUG] [org.gradle.cache.internal.DefaultFileLockManager] Releasing lock on daemon addresses registry.
2023-05-09T13:45:48.555+0300 [DEBUG] [org.gradle.launcher.daemon.server.DaemonRegistryUpdater] Storing daemon stop event: other compatible daemons were started and after being idle for 0 minutes and not recently used
2023-05-09T13:45:48.578+0300 [DEBUG] [org.gradle.launcher.daemon.registry.PersistentDaemonRegistry] Storing daemon stop event with timestamp 1683629148556
2023-05-09T13:45:48.581+0300 [DEBUG] [org.gradle.cache.internal.DefaultFileLockManager] Waiting to acquire exclusive lock on daemon addresses registry.
2023-05-09T13:45:48.583+0300 [DEBUG] [org.gradle.cache.internal.DefaultFileLockManager] Lock acquired on daemon addresses registry.
2023-05-09T13:45:48.591+0300 [DEBUG] [org.gradle.cache.internal.DefaultFileLockManager] Releasing lock on daemon addresses registry.
2023-05-09T13:45:48.592+0300 [LIFECYCLE] [org.gradle.launcher.daemon.server.DaemonStateCoordinator] Daemon will be stopped at the end of the build other compatible daemons were started and after being idle for 0 minutes and not recently used
2023-05-09T13:45:48.592+0300 [DEBUG] [org.gradle.launcher.daemon.server.DaemonStateCoordinator] Marking daemon stopped due to other compatible daemons were started and after being idle for 0 minutes and not recently used. The daemon is running a build: false
2023-05-09T13:45:48.594+0300 [DEBUG] [org.gradle.launcher.daemon.server.DaemonStateCoordinator] daemon has stopped.
2023-05-09T13:45:48.594+0300 [DEBUG] [org.gradle.launcher.daemon.server.Daemon] stop() called on daemon
2023-05-09T13:45:48.594+0300 [INFO] [org.gradle.launcher.daemon.server.Daemon] Stop requested. Daemon is removing its presence from the registry...
2023-05-09T13:45:48.596+0300 [DEBUG] [org.gradle.launcher.daemon.server.DaemonRegistryUpdater] Removing our presence to clients, eg. removing this address from the registry: [664b12db-ab7b-4f20-b772-29666b05f54c port:45327, addresses:[localhost/127.0.0.1]]
2023-05-09T13:45:48.596+0300 [DEBUG] [org.gradle.launcher.daemon.registry.PersistentDaemonRegistry] Removing daemon address: [664b12db-ab7b-4f20-b772-29666b05f54c port:45327, addresses:[localhost/127.0.0.1]]
2023-05-09T13:45:48.599+0300 [DEBUG] [org.gradle.cache.internal.DefaultFileLockManager] Waiting to acquire exclusive lock on daemon addresses registry.
2023-05-09T13:45:48.600+0300 [DEBUG] [org.gradle.cache.internal.DefaultFileLockManager] Lock acquired on daemon addresses registry.
2023-05-09T13:45:48.605+0300 [DEBUG] [org.gradle.cache.internal.DefaultFileLockManager] Releasing lock on daemon addresses registry.
2023-05-09T13:45:48.606+0300 [DEBUG] [org.gradle.launcher.daemon.server.DaemonRegistryUpdater] Address removed from registry.
2023-05-09T13:45:48.631+0300 [DEBUG] [org.gradle.cache.internal.DefaultPersistentDirectoryStore] jars (/home/maxsuriva/java-project-61/app/caches/jars-9) has last been fully cleaned up 91 hours ago
2023-05-09T13:45:48.666+0300 [INFO] [org.gradle.cache.internal.AbstractCacheCleanup] jars (/home/maxsuriva/java-project-61/app/caches/jars-9) cleanup deleted 0 files/directories.
2023-05-09T13:45:48.669+0300 [INFO] [org.gradle.cache.internal.LeastRecentlyUsedCacheCleanup] jars (/home/maxsuriva/java-project-61/app/caches/jars-9) removing files not accessed on or after Tue May 02 13:45:33 MSK 2023.
2023-05-09T13:45:48.670+0300 [DEBUG] [org.gradle.cache.internal.LockOnDemandCrossProcessCacheAccess] Acquiring file lock for journal cache (/home/maxsuriva/java-project-61/app/caches/journal-1)
2023-05-09T13:45:48.671+0300 [DEBUG] [org.gradle.cache.internal.DefaultFileLockManager] Waiting to acquire exclusive lock on journal cache (/home/maxsuriva/java-project-61/app/caches/journal-1).
2023-05-09T13:45:48.680+0300 [DEBUG] [org.gradle.cache.internal.DefaultFileLockManager] The file lock for journal cache (/home/maxsuriva/java-project-61/app/caches/journal-1) is held by a different Gradle process (pid: 5958, lockId: 8951008697225596062). Pinged owner at port 38496
2023-05-09T13:45:48.689+0300 [DEBUG] [org.gradle.cache.internal.locklistener.DefaultFileLockContentionHandler] Gradle process at port 38496 confirmed unlock request for lock with id 8951008697225596062.
2023-05-09T13:45:48.690+0300 [DEBUG] [org.gradle.cache.internal.locklistener.DefaultFileLockContentionHandler] Gradle process at port 38496 confirmed unlock request for lock with id 8951008697225596062.
2023-05-09T13:45:48.712+0300 [DEBUG] [org.gradle.cache.internal.locklistener.DefaultFileLockContentionHandler] Gradle process at port 38496 confirmed lock release for lock with id 8951008697225596062.
2023-05-09T13:45:48.713+0300 [DEBUG] [org.gradle.cache.internal.locklistener.DefaultFileLockContentionHandler] Triggering lock release signal for lock with id 8951008697225596062.
2023-05-09T13:45:48.713+0300 [DEBUG] [org.gradle.cache.internal.locklistener.DefaultFileLockContentionHandler] Gradle process at port 38496 confirmed lock release for lock with id 8951008697225596062.
2023-05-09T13:45:48.713+0300 [DEBUG] [org.gradle.cache.internal.locklistener.DefaultFileLockContentionHandler] Triggering lock release signal for lock with id 8951008697225596062.
2023-05-09T13:45:48.713+0300 [DEBUG] [org.gradle.cache.internal.DefaultFileLockManager] Lock acquired on journal cache (/home/maxsuriva/java-project-61/app/caches/journal-1).
2023-05-09T13:45:48.713+0300 [INFO] [org.gradle.cache.internal.InMemoryDecoratedCache] Invalidating in-memory cache of /home/maxsuriva/java-project-61/app/caches/journal-1/file-access.bin
2023-05-09T13:45:48.725+0300 [DEBUG] [org.gradle.cache.internal.btree.BTreePersistentIndexedCache] Opening cache file-access.bin (/home/maxsuriva/java-project-61/app/caches/journal-1/file-access.bin)
2023-05-09T13:45:48.746+0300 [INFO] [org.gradle.cache.internal.AbstractCacheCleanup] jars (/home/maxsuriva/java-project-61/app/caches/jars-9) cleanup deleted 0 files/directories.
2023-05-09T13:45:48.748+0300 [INFO] [org.gradle.cache.internal.DefaultPersistentDirectoryStore] jars (/home/maxsuriva/java-project-61/app/caches/jars-9) cleaned up in 0.115 secs.
2023-05-09T13:45:48.748+0300 [DEBUG] [org.gradle.cache.internal.DefaultCacheAccess] Cache jars (/home/maxsuriva/java-project-61/app/caches/jars-9) was closed 4 times.
2023-05-09T13:45:48.753+0300 [DEBUG] [org.gradle.cache.internal.DefaultPersistentDirectoryStore] Artifact transforms cache (/home/maxsuriva/java-project-61/app/caches/transforms-3) has last been fully cleaned up 91 hours ago
2023-05-09T13:45:48.753+0300 [INFO] [org.gradle.cache.internal.LeastRecentlyUsedCacheCleanup] Artifact transforms cache (/home/maxsuriva/java-project-61/app/caches/transforms-3) removing files not accessed on or after Tue May 02 13:45:33 MSK 2023.
2023-05-09T13:45:48.754+0300 [INFO] [org.gradle.cache.internal.AbstractCacheCleanup] Artifact transforms cache (/home/maxsuriva/java-project-61/app/caches/transforms-3) cleanup deleted 0 files/directories.
2023-05-09T13:45:48.754+0300 [INFO] [org.gradle.cache.internal.DefaultPersistentDirectoryStore] Artifact transforms cache (/home/maxsuriva/java-project-61/app/caches/transforms-3) cleaned up in 0.0 secs.
2023-05-09T13:45:48.754+0300 [DEBUG] [org.gradle.cache.internal.DefaultCacheAccess] Cache Artifact transforms cache (/home/maxsuriva/java-project-61/app/caches/transforms-3) was closed 0 times.
2023-05-09T13:45:48.766+0300 [DEBUG] [org.gradle.cache.internal.DefaultCacheAccess] Cache file content cache (/home/maxsuriva/java-project-61/app/caches/8.0/fileContent) was closed 2 times.
2023-05-09T13:45:48.767+0300 [DEBUG] [org.gradle.internal.watch.vfs.impl.WatchingVirtualFileSystem] Closing VFS, dropping state
2023-05-09T13:45:48.780+0300 [DEBUG] [org.gradle.cache.internal.DefaultCacheAccess] Cache Generated Gradle JARs cache (/home/maxsuriva/java-project-61/app/caches/8.0/generated-gradle-jars) was closed 0 times.
2023-05-09T13:45:48.781+0300 [DEBUG] [org.gradle.cache.internal.DefaultPersistentDirectoryStore] artifact cache (/home/maxsuriva/java-project-61/app/caches/modules-2) has last been fully cleaned up 91 hours ago
2023-05-09T13:45:48.781+0300 [DEBUG] [org.gradle.internal.watch.registry.impl.DefaultFileWatcherRegistry] Finished listening to file system change events
2023-05-09T13:45:48.782+0300 [INFO] [org.gradle.cache.internal.AbstractCacheCleanup] artifact cache (/home/maxsuriva/java-project-61/app/caches/modules-2) cleanup deleted 0 files/directories.
2023-05-09T13:45:48.785+0300 [INFO] [org.gradle.cache.internal.AbstractCacheCleanup] artifact cache (/home/maxsuriva/java-project-61/app/caches/modules-2) [subdir: /home/maxsuriva/java-project-61/app/caches/modules-2/resources-2.1] cleanup deleted 0 files/directories.
2023-05-09T13:45:48.786+0300 [INFO] [org.gradle.cache.internal.LeastRecentlyUsedCacheCleanup] artifact cache (/home/maxsuriva/java-project-61/app/caches/modules-2) [subdir: /home/maxsuriva/java-project-61/app/caches/modules-2/resources-2.1] removing files not accessed on or after Sun Apr 09 13:45:33 MSK 2023.
2023-05-09T13:45:48.787+0300 [INFO] [org.gradle.cache.internal.AbstractCacheCleanup] artifact cache (/home/maxsuriva/java-project-61/app/caches/modules-2) [subdir: /home/maxsuriva/java-project-61/app/caches/modules-2/resources-2.1] cleanup deleted 0 files/directories.
2023-05-09T13:45:48.787+0300 [INFO] [org.gradle.cache.internal.AbstractCacheCleanup] artifact cache (/home/maxsuriva/java-project-61/app/caches/modules-2) [subdir: /home/maxsuriva/java-project-61/app/caches/modules-2/files-2.1] cleanup deleted 0 files/directories.
2023-05-09T13:45:48.788+0300 [INFO] [org.gradle.cache.internal.LeastRecentlyUsedCacheCleanup] artifact cache (/home/maxsuriva/java-project-61/app/caches/modules-2) [subdir: /home/maxsuriva/java-project-61/app/caches/modules-2/files-2.1] removing files not accessed on or after Sun Apr 09 13:45:33 MSK 2023.
2023-05-09T13:45:48.819+0300 [INFO] [org.gradle.cache.internal.AbstractCacheCleanup] artifact cache (/home/maxsuriva/java-project-61/app/caches/modules-2) [subdir: /home/maxsuriva/java-project-61/app/caches/modules-2/files-2.1] cleanup deleted 0 files/directories.
2023-05-09T13:45:48.820+0300 [INFO] [org.gradle.cache.internal.AbstractCacheCleanup] artifact cache (/home/maxsuriva/java-project-61/app/caches/modules-2) [subdir: /home/maxsuriva/java-project-61/app/caches/modules-2/metadata-2.100] cleanup deleted 0 files/directories.
2023-05-09T13:45:48.821+0300 [INFO] [org.gradle.cache.internal.DefaultPersistentDirectoryStore] artifact cache (/home/maxsuriva/java-project-61/app/caches/modules-2) cleaned up in 0.039 secs.
2023-05-09T13:45:48.822+0300 [DEBUG] [org.gradle.cache.internal.LockOnDemandCrossProcessCacheAccess] Releasing file lock for journal cache (/home/maxsuriva/java-project-61/app/caches/journal-1)
2023-05-09T13:45:48.822+0300 [DEBUG] [org.gradle.cache.internal.btree.BTreePersistentIndexedCache] Closing cache file-access.bin (/home/maxsuriva/java-project-61/app/caches/journal-1/file-access.bin)
2023-05-09T13:45:48.822+0300 [DEBUG] [org.gradle.cache.internal.DefaultFileLockManager] Releasing lock on journal cache (/home/maxsuriva/java-project-61/app/caches/journal-1).
2023-05-09T13:45:48.822+0300 [DEBUG] [org.gradle.cache.internal.DefaultCacheAccess] Cache journal cache (/home/maxsuriva/java-project-61/app/caches/journal-1) was closed 6 times.
2023-05-09T13:45:48.824+0300 [DEBUG] [org.gradle.cache.internal.DefaultCacheAccess] Cache file hash cache (/home/maxsuriva/java-project-61/app/caches/8.0/fileHashes) was closed 6 times.
2023-05-09T13:45:48.832+0300 [DEBUG] [org.gradle.cache.internal.VersionSpecificCacheCleanupAction] Processed version-specific caches at /home/maxsuriva/java-project-61/app/caches for cleanup in 0.001 secs
2023-05-09T13:45:48.850+0300 [DEBUG] [org.gradle.launcher.daemon.registry.PersistentDaemonRegistry] Removing daemon address: [664b12db-ab7b-4f20-b772-29666b05f54c port:45327, addresses:[localhost/127.0.0.1]]
Daemon vm is shutting down... The daemon has exited normally or was terminated in response to a user interrupt.
2023-05-09T13:45:48.852+0300 [DEBUG] [org.gradle.cache.internal.DefaultFileLockManager] Waiting to acquire exclusive lock on daemon addresses registry.
2023-05-09T13:45:48.852+0300 [DEBUG] [org.gradle.cache.internal.DefaultFileLockManager] Lock acquired on daemon addresses registry.
2023-05-09T13:45:48.856+0300 [DEBUG] [org.gradle.cache.internal.DefaultFileLockManager] Releasing lock on daemon addresses registry.
